TRACE::2024-10-16.19:17:35::SCWPlatform::Trying to open the hw design at C:/Users/fpga_/Desktop/adi/no-OS/projects/fmcdaq2/system_top/hw/system_top.xsa
TRACE::2024-10-16.19:17:35::SCWPlatform::DSA given C:/Users/fpga_/Desktop/adi/no-OS/projects/fmcdaq2/system_top/hw/system_top.xsa
TRACE::2024-10-16.19:17:35::SCWPlatform::DSA absoulate path C:/Users/fpga_/Desktop/adi/no-OS/projects/fmcdaq2/system_top/hw/system_top.xsa
TRACE::2024-10-16.19:17:35::SCWPlatform::DSA directory C:/Users/fpga_/Desktop/adi/no-OS/projects/fmcdaq2/system_top/hw
TRACE::2024-10-16.19:17:35::SCWPlatform:: Platform Path C:/Users/fpga_/Desktop/adi/no-OS/projects/fmcdaq2/system_top/hw/system_top.xsa
TRACE::2024-10-16.19:17:35::SCWPlatform:: Unique name xilinx:kcu116::0.0
TRACE::2024-10-16.19:17:35::SCWPlatform::Do not have an existing db opened. 
TRACE::2024-10-16.19:17:36::SCWPlatform::Opened new HwDB with name system_top_0
TRACE::2024-10-16.19:17:36::SCWWriter::formatted JSON is {
	"platformName":	"system_top",
	"sprVersion":	"2.0",
	"mode":	"gui",
	"dsaType":	"Fixed",
	"platformDesc":	"system_top",
	"platHandOff":	"C:/Users/fpga_/Desktop/adi/no-OS/projects/fmcdac/system_top.xsa",
	"platIntHandOff":	"<platformDir>/hw/system_top.xsa",
	"deviceType":	"FPGA",
	"platIsPrebuiltAutogen":	"false",
	"platIsNoBootBsp":	"false",
	"hasFsblMakeHasChanges":	"false",
	"hasPmufwMakeHasChanges":	"false",
	"platPreBuiltFlag":	false,
	"platformSamplesDir":	""
}
TRACE::2024-10-16.19:17:36::SCWWriter::formatted JSON is {
	"platformName":	"system_top",
	"sprVersion":	"2.0",
	"mode":	"gui",
	"dsaType":	"Fixed",
	"platformDesc":	"system_top",
	"platHandOff":	"C:/Users/fpga_/Desktop/adi/no-OS/projects/fmcdac/system_top.xsa",
	"platIntHandOff":	"<platformDir>/hw/system_top.xsa",
	"deviceType":	"FPGA",
	"platIsPrebuiltAutogen":	"false",
	"platIsNoBootBsp":	"false",
	"hasFsblMakeHasChanges":	"false",
	"hasPmufwMakeHasChanges":	"false",
	"platPreBuiltFlag":	false,
	"platformSamplesDir":	"",
	"platActiveSys":	"system_top",
	"systems":	[{
			"systemName":	"system_top",
			"systemDesc":	"system_top",
			"sysIsBootAutoGen":	"true",
			"systemDispName":	"system_top"
		}]
}
TRACE::2024-10-16.19:17:36::SCWPlatform::Boot application domains not present, creating them
TRACE::2024-10-16.19:17:36::SCWPlatform::Pure FPGA device, no boot application will be created.
TRACE::2024-10-16.19:17:36::SCWWriter::formatted JSON is {
	"platformName":	"system_top",
	"sprVersion":	"2.0",
	"mode":	"gui",
	"dsaType":	"Fixed",
	"platformDesc":	"system_top",
	"platHandOff":	"C:/Users/fpga_/Desktop/adi/no-OS/projects/fmcdac/system_top.xsa",
	"platIntHandOff":	"<platformDir>/hw/system_top.xsa",
	"deviceType":	"FPGA",
	"platIsPrebuiltAutogen":	"false",
	"platIsNoBootBsp":	"false",
	"hasFsblMakeHasChanges":	"false",
	"hasPmufwMakeHasChanges":	"false",
	"platPreBuiltFlag":	false,
	"platformSamplesDir":	"",
	"platActiveSys":	"system_top",
	"systems":	[{
			"systemName":	"system_top",
			"systemDesc":	"system_top",
			"sysIsBootAutoGen":	"true",
			"systemDispName":	"system_top"
		}]
}
TRACE::2024-10-16.19:17:36::SCWWriter::formatted JSON is {
	"platformName":	"system_top",
	"sprVersion":	"2.0",
	"mode":	"gui",
	"dsaType":	"Fixed",
	"platformDesc":	"system_top",
	"platHandOff":	"C:/Users/fpga_/Desktop/adi/no-OS/projects/fmcdac/system_top.xsa",
	"platIntHandOff":	"<platformDir>/hw/system_top.xsa",
	"deviceType":	"FPGA",
	"platIsPrebuiltAutogen":	"false",
	"platIsNoBootBsp":	"false",
	"hasFsblMakeHasChanges":	"false",
	"hasPmufwMakeHasChanges":	"false",
	"platPreBuiltFlag":	false,
	"platformSamplesDir":	"",
	"platActiveSys":	"system_top",
	"systems":	[{
			"systemName":	"system_top",
			"systemDesc":	"system_top",
			"sysIsBootAutoGen":	"true",
			"systemDispName":	"system_top"
		}]
}
TRACE::2024-10-16.19:17:36::SCWPlatform::Trying to open the hw design at C:/Users/fpga_/Desktop/adi/no-OS/projects/fmcdaq2/system_top/hw/system_top.xsa
TRACE::2024-10-16.19:17:36::SCWPlatform::DSA given C:/Users/fpga_/Desktop/adi/no-OS/projects/fmcdaq2/system_top/hw/system_top.xsa
TRACE::2024-10-16.19:17:36::SCWPlatform::DSA absoulate path C:/Users/fpga_/Desktop/adi/no-OS/projects/fmcdaq2/system_top/hw/system_top.xsa
TRACE::2024-10-16.19:17:36::SCWPlatform::DSA directory C:/Users/fpga_/Desktop/adi/no-OS/projects/fmcdaq2/system_top/hw
TRACE::2024-10-16.19:17:36::SCWPlatform:: Platform Path C:/Users/fpga_/Desktop/adi/no-OS/projects/fmcdaq2/system_top/hw/system_top.xsa
TRACE::2024-10-16.19:17:36::SCWPlatform:: Unique name xilinx:kcu116::0.0
TRACE::2024-10-16.19:17:36::SCWPlatform::Trying to set the existing hwdb with name system_top_0
TRACE::2024-10-16.19:17:36::SCWPlatform::Opened existing hwdb system_top_0
TRACE::2024-10-16.19:17:36::SCWPlatform::Found the Hw Db part of the input DSA
TRACE::2024-10-16.19:17:36::SCWPlatform::Trying to open the hw design at C:/Users/fpga_/Desktop/adi/no-OS/projects/fmcdaq2/system_top/hw/system_top.xsa
TRACE::2024-10-16.19:17:36::SCWPlatform::DSA given C:/Users/fpga_/Desktop/adi/no-OS/projects/fmcdaq2/system_top/hw/system_top.xsa
TRACE::2024-10-16.19:17:36::SCWPlatform::DSA absoulate path C:/Users/fpga_/Desktop/adi/no-OS/projects/fmcdaq2/system_top/hw/system_top.xsa
TRACE::2024-10-16.19:17:36::SCWPlatform::DSA directory C:/Users/fpga_/Desktop/adi/no-OS/projects/fmcdaq2/system_top/hw
TRACE::2024-10-16.19:17:36::SCWPlatform:: Platform Path C:/Users/fpga_/Desktop/adi/no-OS/projects/fmcdaq2/system_top/hw/system_top.xsa
TRACE::2024-10-16.19:17:36::SCWPlatform:: Unique name xilinx:kcu116::0.0
TRACE::2024-10-16.19:17:36::SCWPlatform::Trying to set the existing hwdb with name system_top_0
TRACE::2024-10-16.19:17:36::SCWPlatform::Opened existing hwdb system_top_0
TRACE::2024-10-16.19:17:36::SCWPlatform::Found the Hw Db part of the input DSA
TRACE::2024-10-16.19:17:36::SCWDomain::checking for install qemu data   : 
TRACE::2024-10-16.19:17:36::SCWPlatform::Trying to open the hw design at C:/Users/fpga_/Desktop/adi/no-OS/projects/fmcdaq2/system_top/hw/system_top.xsa
TRACE::2024-10-16.19:17:36::SCWPlatform::DSA given C:/Users/fpga_/Desktop/adi/no-OS/projects/fmcdaq2/system_top/hw/system_top.xsa
TRACE::2024-10-16.19:17:36::SCWPlatform::DSA absoulate path C:/Users/fpga_/Desktop/adi/no-OS/projects/fmcdaq2/system_top/hw/system_top.xsa
TRACE::2024-10-16.19:17:36::SCWPlatform::DSA directory C:/Users/fpga_/Desktop/adi/no-OS/projects/fmcdaq2/system_top/hw
TRACE::2024-10-16.19:17:36::SCWPlatform:: Platform Path C:/Users/fpga_/Desktop/adi/no-OS/projects/fmcdaq2/system_top/hw/system_top.xsa
TRACE::2024-10-16.19:17:36::SCWPlatform:: Unique name xilinx:kcu116::0.0
TRACE::2024-10-16.19:17:36::SCWPlatform::Trying to set the existing hwdb with name system_top_0
TRACE::2024-10-16.19:17:36::SCWPlatform::Opened existing hwdb system_top_0
TRACE::2024-10-16.19:17:36::SCWPlatform::Found the Hw Db part of the input DSA
TRACE::2024-10-16.19:17:36::SCWPlatform::Trying to open the hw design at C:/Users/fpga_/Desktop/adi/no-OS/projects/fmcdaq2/system_top/hw/system_top.xsa
TRACE::2024-10-16.19:17:36::SCWPlatform::DSA given C:/Users/fpga_/Desktop/adi/no-OS/projects/fmcdaq2/system_top/hw/system_top.xsa
TRACE::2024-10-16.19:17:36::SCWPlatform::DSA absoulate path C:/Users/fpga_/Desktop/adi/no-OS/projects/fmcdaq2/system_top/hw/system_top.xsa
TRACE::2024-10-16.19:17:36::SCWPlatform::DSA directory C:/Users/fpga_/Desktop/adi/no-OS/projects/fmcdaq2/system_top/hw
TRACE::2024-10-16.19:17:36::SCWPlatform:: Platform Path C:/Users/fpga_/Desktop/adi/no-OS/projects/fmcdaq2/system_top/hw/system_top.xsa
TRACE::2024-10-16.19:17:36::SCWPlatform:: Unique name xilinx:kcu116::0.0
TRACE::2024-10-16.19:17:36::SCWPlatform::Trying to set the existing hwdb with name system_top_0
TRACE::2024-10-16.19:17:36::SCWPlatform::Opened existing hwdb system_top_0
TRACE::2024-10-16.19:17:36::SCWPlatform::Found the Hw Db part of the input DSA
TRACE::2024-10-16.19:17:36::SCWPlatform::Trying to open the hw design at C:/Users/fpga_/Desktop/adi/no-OS/projects/fmcdaq2/system_top/hw/system_top.xsa
TRACE::2024-10-16.19:17:36::SCWPlatform::DSA given C:/Users/fpga_/Desktop/adi/no-OS/projects/fmcdaq2/system_top/hw/system_top.xsa
TRACE::2024-10-16.19:17:36::SCWPlatform::DSA absoulate path C:/Users/fpga_/Desktop/adi/no-OS/projects/fmcdaq2/system_top/hw/system_top.xsa
TRACE::2024-10-16.19:17:36::SCWPlatform::DSA directory C:/Users/fpga_/Desktop/adi/no-OS/projects/fmcdaq2/system_top/hw
TRACE::2024-10-16.19:17:36::SCWPlatform:: Platform Path C:/Users/fpga_/Desktop/adi/no-OS/projects/fmcdaq2/system_top/hw/system_top.xsa
TRACE::2024-10-16.19:17:36::SCWPlatform:: Unique name xilinx:kcu116::0.0
TRACE::2024-10-16.19:17:36::SCWPlatform::Trying to set the existing hwdb with name system_top_0
TRACE::2024-10-16.19:17:36::SCWPlatform::Opened existing hwdb system_top_0
TRACE::2024-10-16.19:17:36::SCWPlatform::Found the Hw Db part of the input DSA
TRACE::2024-10-16.19:17:36::SCWMssOS::Checking the sw design at  C:/Users/fpga_/Desktop/adi/no-OS/projects/fmcdaq2/system_top/sys_mb/standalone_sys_mb/bsp/system.mss
TRACE::2024-10-16.19:17:36::SCWMssOS::DEBUG:  swdes dump  
TRACE::2024-10-16.19:17:36::SCWMssOS::No sw design opened at  C:/Users/fpga_/Desktop/adi/no-OS/projects/fmcdaq2/system_top/sys_mb/standalone_sys_mb/bsp/system.mss
TRACE::2024-10-16.19:17:36::SCWMssOS::mss does not exists at C:/Users/fpga_/Desktop/adi/no-OS/projects/fmcdaq2/system_top/sys_mb/standalone_sys_mb/bsp/system.mss
TRACE::2024-10-16.19:17:36::SCWMssOS::Creating sw design at  C:/Users/fpga_/Desktop/adi/no-OS/projects/fmcdaq2/system_top/sys_mb/standalone_sys_mb/bsp/system.mss
TRACE::2024-10-16.19:17:36::SCWMssOS::Adding the swdes entry, created swdb C:/Users/fpga_/Desktop/adi/no-OS/projects/fmcdaq2/system_top/sys_mb/standalone_sys_mb/bsp/system.mss with des name C:/Users/fpga_/Desktop/adi/no-OS/projects/fmcdaq2/system_top/sys_mb/standalone_sys_mb/bsp/system.mss
TRACE::2024-10-16.19:17:36::SCWMssOS::updating the scw layer changes to swdes at   C:/Users/fpga_/Desktop/adi/no-OS/projects/fmcdaq2/system_top/sys_mb/standalone_sys_mb/bsp/system.mss
TRACE::2024-10-16.19:17:36::SCWMssOS::Writing mss at C:/Users/fpga_/Desktop/adi/no-OS/projects/fmcdaq2/system_top/sys_mb/standalone_sys_mb/bsp/system.mss
TRACE::2024-10-16.19:17:36::SCWMssOS::Completed writing the mss file at C:/Users/fpga_/Desktop/adi/no-OS/projects/fmcdaq2/system_top/sys_mb/standalone_sys_mb/bsp
TRACE::2024-10-16.19:17:36::SCWMssOS::Picking up changes from newly written mss file into SCW Layer. 
TRACE::2024-10-16.19:17:36::SCWMssOS::Updated the changes from newly written mss file into SCW Layer. 
TRACE::2024-10-16.19:17:36::SCWMssOS::Completed writing the mss file at C:/Users/fpga_/Desktop/adi/no-OS/projects/fmcdaq2/system_top/sys_mb/standalone_sys_mb/bsp
TRACE::2024-10-16.19:17:36::SCWMssOS::Forcing BSP Sources regeneration.
TRACE::2024-10-16.19:17:37::SCWMssOS::Saving the mss changes C:/Users/fpga_/Desktop/adi/no-OS/projects/fmcdaq2/system_top/sys_mb/standalone_sys_mb/bsp/system.mss
TRACE::2024-10-16.19:17:37::SCWMssOS::Adding the swdes entry, mss present, able to open swdb C:/Users/fpga_/Desktop/adi/no-OS/projects/fmcdaq2/system_top/sys_mb/standalone_sys_mb/bsp/system.mss with des name system
TRACE::2024-10-16.19:17:37::SCWMssOS::Writing the mss file completed C:/Users/fpga_/Desktop/adi/no-OS/projects/fmcdaq2/system_top/sys_mb/standalone_sys_mb/bsp/system.mss
TRACE::2024-10-16.19:17:37::SCWMssOS::Commit changes completed.
TRACE::2024-10-16.19:17:37::SCWPlatform::Trying to open the hw design at C:/Users/fpga_/Desktop/adi/no-OS/projects/fmcdaq2/system_top/hw/system_top.xsa
TRACE::2024-10-16.19:17:37::SCWPlatform::DSA given C:/Users/fpga_/Desktop/adi/no-OS/projects/fmcdaq2/system_top/hw/system_top.xsa
TRACE::2024-10-16.19:17:37::SCWPlatform::DSA absoulate path C:/Users/fpga_/Desktop/adi/no-OS/projects/fmcdaq2/system_top/hw/system_top.xsa
TRACE::2024-10-16.19:17:37::SCWPlatform::DSA directory C:/Users/fpga_/Desktop/adi/no-OS/projects/fmcdaq2/system_top/hw
TRACE::2024-10-16.19:17:37::SCWPlatform:: Platform Path C:/Users/fpga_/Desktop/adi/no-OS/projects/fmcdaq2/system_top/hw/system_top.xsa
TRACE::2024-10-16.19:17:37::SCWPlatform:: Unique name xilinx:kcu116::0.0
TRACE::2024-10-16.19:17:37::SCWPlatform::Trying to set the existing hwdb with name system_top_0
TRACE::2024-10-16.19:17:37::SCWPlatform::Opened existing hwdb system_top_0
TRACE::2024-10-16.19:17:37::SCWPlatform::Found the Hw Db part of the input DSA
TRACE::2024-10-16.19:17:37::SCWMssOS::Checking the sw design at  C:/Users/fpga_/Desktop/adi/no-OS/projects/fmcdaq2/system_top/sys_mb/standalone_sys_mb/bsp/system.mss
TRACE::2024-10-16.19:17:37::SCWMssOS::DEBUG:  swdes dump  C:/Users/fpga_/Desktop/adi/no-OS/projects/fmcdaq2/system_top/sys_mb/standalone_sys_mb/bsp/system.mss|system||

TRACE::2024-10-16.19:17:37::SCWMssOS::Sw design exists and opened at  C:/Users/fpga_/Desktop/adi/no-OS/projects/fmcdaq2/system_top/sys_mb/standalone_sys_mb/bsp/system.mss
TRACE::2024-10-16.19:17:37::SCWPlatform::Trying to open the hw design at C:/Users/fpga_/Desktop/adi/no-OS/projects/fmcdaq2/system_top/hw/system_top.xsa
TRACE::2024-10-16.19:17:37::SCWPlatform::DSA given C:/Users/fpga_/Desktop/adi/no-OS/projects/fmcdaq2/system_top/hw/system_top.xsa
TRACE::2024-10-16.19:17:37::SCWPlatform::DSA absoulate path C:/Users/fpga_/Desktop/adi/no-OS/projects/fmcdaq2/system_top/hw/system_top.xsa
TRACE::2024-10-16.19:17:37::SCWPlatform::DSA directory C:/Users/fpga_/Desktop/adi/no-OS/projects/fmcdaq2/system_top/hw
TRACE::2024-10-16.19:17:37::SCWPlatform:: Platform Path C:/Users/fpga_/Desktop/adi/no-OS/projects/fmcdaq2/system_top/hw/system_top.xsa
TRACE::2024-10-16.19:17:37::SCWPlatform:: Unique name xilinx:kcu116::0.0
TRACE::2024-10-16.19:17:37::SCWPlatform::Trying to set the existing hwdb with name system_top_0
TRACE::2024-10-16.19:17:37::SCWPlatform::Opened existing hwdb system_top_0
TRACE::2024-10-16.19:17:37::SCWPlatform::Found the Hw Db part of the input DSA
TRACE::2024-10-16.19:17:37::SCWMssOS::Checking the sw design at  C:/Users/fpga_/Desktop/adi/no-OS/projects/fmcdaq2/system_top/sys_mb/standalone_sys_mb/bsp/system.mss
TRACE::2024-10-16.19:17:37::SCWMssOS::DEBUG:  swdes dump  C:/Users/fpga_/Desktop/adi/no-OS/projects/fmcdaq2/system_top/sys_mb/standalone_sys_mb/bsp/system.mss|system||

TRACE::2024-10-16.19:17:37::SCWMssOS::Sw design exists and opened at  C:/Users/fpga_/Desktop/adi/no-OS/projects/fmcdaq2/system_top/sys_mb/standalone_sys_mb/bsp/system.mss
TRACE::2024-10-16.19:17:37::SCWPlatform::Trying to open the hw design at C:/Users/fpga_/Desktop/adi/no-OS/projects/fmcdaq2/system_top/hw/system_top.xsa
TRACE::2024-10-16.19:17:37::SCWPlatform::DSA given C:/Users/fpga_/Desktop/adi/no-OS/projects/fmcdaq2/system_top/hw/system_top.xsa
TRACE::2024-10-16.19:17:37::SCWPlatform::DSA absoulate path C:/Users/fpga_/Desktop/adi/no-OS/projects/fmcdaq2/system_top/hw/system_top.xsa
TRACE::2024-10-16.19:17:37::SCWPlatform::DSA directory C:/Users/fpga_/Desktop/adi/no-OS/projects/fmcdaq2/system_top/hw
TRACE::2024-10-16.19:17:37::SCWPlatform:: Platform Path C:/Users/fpga_/Desktop/adi/no-OS/projects/fmcdaq2/system_top/hw/system_top.xsa
TRACE::2024-10-16.19:17:37::SCWPlatform:: Unique name xilinx:kcu116::0.0
TRACE::2024-10-16.19:17:37::SCWPlatform::Trying to set the existing hwdb with name system_top_0
TRACE::2024-10-16.19:17:37::SCWPlatform::Opened existing hwdb system_top_0
TRACE::2024-10-16.19:17:37::SCWPlatform::Found the Hw Db part of the input DSA
TRACE::2024-10-16.19:17:37::SCWMssOS::Checking the sw design at  C:/Users/fpga_/Desktop/adi/no-OS/projects/fmcdaq2/system_top/sys_mb/standalone_sys_mb/bsp/system.mss
TRACE::2024-10-16.19:17:37::SCWMssOS::DEBUG:  swdes dump  C:/Users/fpga_/Desktop/adi/no-OS/projects/fmcdaq2/system_top/sys_mb/standalone_sys_mb/bsp/system.mss|system||

TRACE::2024-10-16.19:17:37::SCWMssOS::Sw design exists and opened at  C:/Users/fpga_/Desktop/adi/no-OS/projects/fmcdaq2/system_top/sys_mb/standalone_sys_mb/bsp/system.mss
TRACE::2024-10-16.19:17:37::SCWWriter::formatted JSON is {
	"platformName":	"system_top",
	"sprVersion":	"2.0",
	"mode":	"gui",
	"dsaType":	"Fixed",
	"platformDesc":	"system_top",
	"platHandOff":	"C:/Users/fpga_/Desktop/adi/no-OS/projects/fmcdac/system_top.xsa",
	"platIntHandOff":	"<platformDir>/hw/system_top.xsa",
	"deviceType":	"FPGA",
	"platIsPrebuiltAutogen":	"false",
	"platIsNoBootBsp":	"false",
	"hasFsblMakeHasChanges":	"false",
	"hasPmufwMakeHasChanges":	"false",
	"platPreBuiltFlag":	false,
	"platformSamplesDir":	"",
	"platActiveSys":	"system_top",
	"systems":	[{
			"systemName":	"system_top",
			"systemDesc":	"system_top",
			"sysIsBootAutoGen":	"true",
			"systemDispName":	"system_top",
			"sysActiveDom":	"standalone_sys_mb",
			"sysDefaultDom":	"standalone_sys_mb",
			"domains":	[{
					"domainName":	"standalone_sys_mb",
					"domainDispName":	"standalone_sys_mb",
					"domainDesc":	"standalone_sys_mb",
					"processors":	"sys_mb",
					"os":	"standalone",
					"sdxOs":	"standalone",
					"debugEnable":	"False",
					"domRuntimes":	["cpp"],
					"swRepo":	"",
					"mssOsVer":	"7.6",
					"mssFile":	"",
					"md5Digest":	"caae14d43ba4fcea309c02bcec1b414b",
					"compatibleApp":	"empty_application",
					"domType":	"mssDomain",
					"arch":	"32-bit",
					"appSettings":	{
						"appCompilerFlags":	"",
						"appLinkerFlags":	""
					},
					"addedLibs":	[],
					"libOptions":	{
						"libsContainingOptions":	[]
					},
					"prebuiltLibs":	{
						"prebuiltIncPath":	[],
						"prebuiltLibPath":	[]
					},
					"isolation":	{
					}
				}]
		}]
}
LOG::2024-10-16.19:17:37::SCWPlatform::Started generating the artifacts platform system_top
TRACE::2024-10-16.19:17:37::SCWPlatform::Sanity checking of platform is completed
LOG::2024-10-16.19:17:37::SCWPlatform::Started generating the artifacts for system configuration system_top
LOG::2024-10-16.19:17:37::SCWSystem::Checking the domain standalone_sys_mb
LOG::2024-10-16.19:17:37::SCWSystem::Not a boot domain 
LOG::2024-10-16.19:17:37::SCWSystem::Started Processing the domain standalone_sys_mb
TRACE::2024-10-16.19:17:37::SCWDomain::Generating domain artifcats
TRACE::2024-10-16.19:17:37::SCWMssOS::Generating standalone artifcats
TRACE::2024-10-16.19:17:37::SCWMssOS:: Copying the user libraries. 
TRACE::2024-10-16.19:17:37::SCWPlatform::Trying to open the hw design at C:/Users/fpga_/Desktop/adi/no-OS/projects/fmcdaq2/system_top/hw/system_top.xsa
TRACE::2024-10-16.19:17:37::SCWPlatform::DSA given C:/Users/fpga_/Desktop/adi/no-OS/projects/fmcdaq2/system_top/hw/system_top.xsa
TRACE::2024-10-16.19:17:37::SCWPlatform::DSA absoulate path C:/Users/fpga_/Desktop/adi/no-OS/projects/fmcdaq2/system_top/hw/system_top.xsa
TRACE::2024-10-16.19:17:37::SCWPlatform::DSA directory C:/Users/fpga_/Desktop/adi/no-OS/projects/fmcdaq2/system_top/hw
TRACE::2024-10-16.19:17:37::SCWPlatform:: Platform Path C:/Users/fpga_/Desktop/adi/no-OS/projects/fmcdaq2/system_top/hw/system_top.xsa
TRACE::2024-10-16.19:17:37::SCWPlatform:: Unique name xilinx:kcu116::0.0
TRACE::2024-10-16.19:17:37::SCWPlatform::Trying to set the existing hwdb with name system_top_0
TRACE::2024-10-16.19:17:37::SCWPlatform::Opened existing hwdb system_top_0
TRACE::2024-10-16.19:17:37::SCWPlatform::Found the Hw Db part of the input DSA
TRACE::2024-10-16.19:17:37::SCWMssOS::Checking the sw design at  C:/Users/fpga_/Desktop/adi/no-OS/projects/fmcdaq2/system_top/sys_mb/standalone_sys_mb/bsp/system.mss
TRACE::2024-10-16.19:17:37::SCWMssOS::DEBUG:  swdes dump  C:/Users/fpga_/Desktop/adi/no-OS/projects/fmcdaq2/system_top/sys_mb/standalone_sys_mb/bsp/system.mss|system||

TRACE::2024-10-16.19:17:37::SCWMssOS::Sw design exists and opened at  C:/Users/fpga_/Desktop/adi/no-OS/projects/fmcdaq2/system_top/sys_mb/standalone_sys_mb/bsp/system.mss
TRACE::2024-10-16.19:17:37::SCWMssOS::Completed writing the mss file at C:/Users/fpga_/Desktop/adi/no-OS/projects/fmcdaq2/system_top/sys_mb/standalone_sys_mb/bsp
TRACE::2024-10-16.19:17:37::SCWMssOS::Mss edits present, copying mssfile into export location C:/Users/fpga_/Desktop/adi/no-OS/projects/fmcdaq2/system_top/sys_mb/standalone_sys_mb/bsp/system.mss
TRACE::2024-10-16.19:17:37::SCWMssOS::bsp generated is upto date with the mss file. Skipping bsp generation.
TRACE::2024-10-16.19:17:37::SCWMssOS::BSP is already built. skipping the bsp build ... 
TRACE::2024-10-16.19:17:37::SCWDomain::Skipping the build for domain :  standalone_sys_mb
TRACE::2024-10-16.19:17:37::SCWMssOS::skipping the bsp build ... 
TRACE::2024-10-16.19:17:37::SCWMssOS::Copying to export directory.
TRACE::2024-10-16.19:17:37::SCWMssOS:: Checking if to create the Supporting Applications
TRACE::2024-10-16.19:17:37::SCWMssOS:: No Linux domain exists, trying to generate FSBL 
LOG::2024-10-16.19:17:37::SCWSystem::Completed Processing the domain standalone_sys_mb
LOG::2024-10-16.19:17:37::SCWSystem::Completed Processing the sysconfig system_top
LOG::2024-10-16.19:17:37::SCWPlatform::Completed generating the artifacts for system configuration system_top
TRACE::2024-10-16.19:17:37::SCWPlatform::Started preparing the platform 
TRACE::2024-10-16.19:17:37::SCWSystem::Writing the bif file for system config system_top
TRACE::2024-10-16.19:17:37::SCWSystem::dir created 
TRACE::2024-10-16.19:17:37::SCWSystem::Writing the bif 
TRACE::2024-10-16.19:17:37::SCWPlatform::Started writing the spfm file 
TRACE::2024-10-16.19:17:37::SCWPlatform::Started writing the xpfm file 
TRACE::2024-10-16.19:17:37::SCWPlatform::Completed generating the platform
TRACE::2024-10-16.19:17:37::SCWMssOS::Saving the mss changes C:/Users/fpga_/Desktop/adi/no-OS/projects/fmcdaq2/system_top/sys_mb/standalone_sys_mb/bsp/system.mss
TRACE::2024-10-16.19:17:37::SCWMssOS::Found a swdesign opened with the mssfile.
TRACE::2024-10-16.19:17:37::SCWMssOS::Completed writemss as part of save.
TRACE::2024-10-16.19:17:37::SCWMssOS::Commit changes completed.
TRACE::2024-10-16.19:17:37::SCWPlatform::Trying to open the hw design at C:/Users/fpga_/Desktop/adi/no-OS/projects/fmcdaq2/system_top/hw/system_top.xsa
TRACE::2024-10-16.19:17:37::SCWPlatform::DSA given C:/Users/fpga_/Desktop/adi/no-OS/projects/fmcdaq2/system_top/hw/system_top.xsa
TRACE::2024-10-16.19:17:37::SCWPlatform::DSA absoulate path C:/Users/fpga_/Desktop/adi/no-OS/projects/fmcdaq2/system_top/hw/system_top.xsa
TRACE::2024-10-16.19:17:37::SCWPlatform::DSA directory C:/Users/fpga_/Desktop/adi/no-OS/projects/fmcdaq2/system_top/hw
TRACE::2024-10-16.19:17:37::SCWPlatform:: Platform Path C:/Users/fpga_/Desktop/adi/no-OS/projects/fmcdaq2/system_top/hw/system_top.xsa
TRACE::2024-10-16.19:17:37::SCWPlatform:: Unique name xilinx:kcu116::0.0
TRACE::2024-10-16.19:17:37::SCWPlatform::Trying to set the existing hwdb with name system_top_0
TRACE::2024-10-16.19:17:37::SCWPlatform::Opened existing hwdb system_top_0
TRACE::2024-10-16.19:17:37::SCWPlatform::Found the Hw Db part of the input DSA
TRACE::2024-10-16.19:17:37::SCWMssOS::Checking the sw design at  C:/Users/fpga_/Desktop/adi/no-OS/projects/fmcdaq2/system_top/sys_mb/standalone_sys_mb/bsp/system.mss
TRACE::2024-10-16.19:17:37::SCWMssOS::DEBUG:  swdes dump  C:/Users/fpga_/Desktop/adi/no-OS/projects/fmcdaq2/system_top/sys_mb/standalone_sys_mb/bsp/system.mss|system||

TRACE::2024-10-16.19:17:37::SCWMssOS::Sw design exists and opened at  C:/Users/fpga_/Desktop/adi/no-OS/projects/fmcdaq2/system_top/sys_mb/standalone_sys_mb/bsp/system.mss
TRACE::2024-10-16.19:17:37::SCWPlatform::Trying to open the hw design at C:/Users/fpga_/Desktop/adi/no-OS/projects/fmcdaq2/system_top/hw/system_top.xsa
TRACE::2024-10-16.19:17:37::SCWPlatform::DSA given C:/Users/fpga_/Desktop/adi/no-OS/projects/fmcdaq2/system_top/hw/system_top.xsa
TRACE::2024-10-16.19:17:37::SCWPlatform::DSA absoulate path C:/Users/fpga_/Desktop/adi/no-OS/projects/fmcdaq2/system_top/hw/system_top.xsa
TRACE::2024-10-16.19:17:37::SCWPlatform::DSA directory C:/Users/fpga_/Desktop/adi/no-OS/projects/fmcdaq2/system_top/hw
TRACE::2024-10-16.19:17:37::SCWPlatform:: Platform Path C:/Users/fpga_/Desktop/adi/no-OS/projects/fmcdaq2/system_top/hw/system_top.xsa
TRACE::2024-10-16.19:17:37::SCWPlatform:: Unique name xilinx:kcu116::0.0
TRACE::2024-10-16.19:17:37::SCWPlatform::Trying to set the existing hwdb with name system_top_0
TRACE::2024-10-16.19:17:37::SCWPlatform::Opened existing hwdb system_top_0
TRACE::2024-10-16.19:17:37::SCWPlatform::Found the Hw Db part of the input DSA
TRACE::2024-10-16.19:17:37::SCWMssOS::Checking the sw design at  C:/Users/fpga_/Desktop/adi/no-OS/projects/fmcdaq2/system_top/sys_mb/standalone_sys_mb/bsp/system.mss
TRACE::2024-10-16.19:17:37::SCWMssOS::DEBUG:  swdes dump  C:/Users/fpga_/Desktop/adi/no-OS/projects/fmcdaq2/system_top/sys_mb/standalone_sys_mb/bsp/system.mss|system||

TRACE::2024-10-16.19:17:37::SCWMssOS::Sw design exists and opened at  C:/Users/fpga_/Desktop/adi/no-OS/projects/fmcdaq2/system_top/sys_mb/standalone_sys_mb/bsp/system.mss
TRACE::2024-10-16.19:17:37::SCWPlatform::Trying to open the hw design at C:/Users/fpga_/Desktop/adi/no-OS/projects/fmcdaq2/system_top/hw/system_top.xsa
TRACE::2024-10-16.19:17:37::SCWPlatform::DSA given C:/Users/fpga_/Desktop/adi/no-OS/projects/fmcdaq2/system_top/hw/system_top.xsa
TRACE::2024-10-16.19:17:37::SCWPlatform::DSA absoulate path C:/Users/fpga_/Desktop/adi/no-OS/projects/fmcdaq2/system_top/hw/system_top.xsa
TRACE::2024-10-16.19:17:37::SCWPlatform::DSA directory C:/Users/fpga_/Desktop/adi/no-OS/projects/fmcdaq2/system_top/hw
TRACE::2024-10-16.19:17:37::SCWPlatform:: Platform Path C:/Users/fpga_/Desktop/adi/no-OS/projects/fmcdaq2/system_top/hw/system_top.xsa
TRACE::2024-10-16.19:17:37::SCWPlatform:: Unique name xilinx:kcu116::0.0
TRACE::2024-10-16.19:17:37::SCWPlatform::Trying to set the existing hwdb with name system_top_0
TRACE::2024-10-16.19:17:37::SCWPlatform::Opened existing hwdb system_top_0
TRACE::2024-10-16.19:17:37::SCWPlatform::Found the Hw Db part of the input DSA
TRACE::2024-10-16.19:17:37::SCWMssOS::Checking the sw design at  C:/Users/fpga_/Desktop/adi/no-OS/projects/fmcdaq2/system_top/sys_mb/standalone_sys_mb/bsp/system.mss
TRACE::2024-10-16.19:17:37::SCWMssOS::DEBUG:  swdes dump  C:/Users/fpga_/Desktop/adi/no-OS/projects/fmcdaq2/system_top/sys_mb/standalone_sys_mb/bsp/system.mss|system||

TRACE::2024-10-16.19:17:37::SCWMssOS::Sw design exists and opened at  C:/Users/fpga_/Desktop/adi/no-OS/projects/fmcdaq2/system_top/sys_mb/standalone_sys_mb/bsp/system.mss
TRACE::2024-10-16.19:17:37::SCWWriter::formatted JSON is {
	"platformName":	"system_top",
	"sprVersion":	"2.0",
	"mode":	"gui",
	"dsaType":	"Fixed",
	"platformDesc":	"system_top",
	"platHandOff":	"C:/Users/fpga_/Desktop/adi/no-OS/projects/fmcdac/system_top.xsa",
	"platIntHandOff":	"<platformDir>/hw/system_top.xsa",
	"deviceType":	"FPGA",
	"platIsPrebuiltAutogen":	"false",
	"platIsNoBootBsp":	"false",
	"hasFsblMakeHasChanges":	"false",
	"hasPmufwMakeHasChanges":	"false",
	"platPreBuiltFlag":	false,
	"platformSamplesDir":	"",
	"platActiveSys":	"system_top",
	"systems":	[{
			"systemName":	"system_top",
			"systemDesc":	"system_top",
			"sysIsBootAutoGen":	"true",
			"systemDispName":	"system_top",
			"sysActiveDom":	"standalone_sys_mb",
			"sysDefaultDom":	"standalone_sys_mb",
			"domains":	[{
					"domainName":	"standalone_sys_mb",
					"domainDispName":	"standalone_sys_mb",
					"domainDesc":	"standalone_sys_mb",
					"processors":	"sys_mb",
					"os":	"standalone",
					"sdxOs":	"standalone",
					"debugEnable":	"False",
					"domRuntimes":	["cpp"],
					"swRepo":	"",
					"mssOsVer":	"7.6",
					"mssFile":	"",
					"md5Digest":	"caae14d43ba4fcea309c02bcec1b414b",
					"compatibleApp":	"empty_application",
					"domType":	"mssDomain",
					"arch":	"32-bit",
					"appSettings":	{
						"appCompilerFlags":	"",
						"appLinkerFlags":	""
					},
					"addedLibs":	[],
					"libOptions":	{
						"libsContainingOptions":	[]
					},
					"prebuiltLibs":	{
						"prebuiltIncPath":	[],
						"prebuiltLibPath":	[]
					},
					"isolation":	{
					}
				}]
		}]
}
KEYINFO::2024-10-16.19:17:37::SCWPlatform::updated the xpfm file.
TRACE::2024-10-16.19:17:37::SCWPlatform::Trying to open the hw design at C:/Users/fpga_/Desktop/adi/no-OS/projects/fmcdaq2/system_top/hw/system_top.xsa
TRACE::2024-10-16.19:17:37::SCWPlatform::DSA given C:/Users/fpga_/Desktop/adi/no-OS/projects/fmcdaq2/system_top/hw/system_top.xsa
TRACE::2024-10-16.19:17:37::SCWPlatform::DSA absoulate path C:/Users/fpga_/Desktop/adi/no-OS/projects/fmcdaq2/system_top/hw/system_top.xsa
TRACE::2024-10-16.19:17:37::SCWPlatform::DSA directory C:/Users/fpga_/Desktop/adi/no-OS/projects/fmcdaq2/system_top/hw
TRACE::2024-10-16.19:17:37::SCWPlatform:: Platform Path C:/Users/fpga_/Desktop/adi/no-OS/projects/fmcdaq2/system_top/hw/system_top.xsa
TRACE::2024-10-16.19:17:37::SCWPlatform:: Unique name xilinx:kcu116::0.0
TRACE::2024-10-16.19:17:37::SCWPlatform::Trying to set the existing hwdb with name system_top_0
TRACE::2024-10-16.19:17:37::SCWPlatform::Opened existing hwdb system_top_0
TRACE::2024-10-16.19:17:37::SCWPlatform::Found the Hw Db part of the input DSA
TRACE::2024-10-16.19:17:37::SCWMssOS::Checking the sw design at  C:/Users/fpga_/Desktop/adi/no-OS/projects/fmcdaq2/system_top/sys_mb/standalone_sys_mb/bsp/system.mss
TRACE::2024-10-16.19:17:37::SCWMssOS::DEBUG:  swdes dump  C:/Users/fpga_/Desktop/adi/no-OS/projects/fmcdaq2/system_top/sys_mb/standalone_sys_mb/bsp/system.mss|system||

TRACE::2024-10-16.19:17:37::SCWMssOS::Sw design exists and opened at  C:/Users/fpga_/Desktop/adi/no-OS/projects/fmcdaq2/system_top/sys_mb/standalone_sys_mb/bsp/system.mss
TRACE::2024-10-16.19:17:37::SCWMssOS::Saving the mss changes C:/Users/fpga_/Desktop/adi/no-OS/projects/fmcdaq2/system_top/sys_mb/standalone_sys_mb/bsp/system.mss
TRACE::2024-10-16.19:17:37::SCWMssOS::Found a swdesign opened with the mssfile.
TRACE::2024-10-16.19:17:37::SCWMssOS::Completed writemss as part of save.
TRACE::2024-10-16.19:17:37::SCWMssOS::Commit changes completed.
TRACE::2024-10-16.19:17:37::SCWPlatform::Trying to open the hw design at C:/Users/fpga_/Desktop/adi/no-OS/projects/fmcdaq2/system_top/hw/system_top.xsa
TRACE::2024-10-16.19:17:37::SCWPlatform::DSA given C:/Users/fpga_/Desktop/adi/no-OS/projects/fmcdaq2/system_top/hw/system_top.xsa
TRACE::2024-10-16.19:17:37::SCWPlatform::DSA absoulate path C:/Users/fpga_/Desktop/adi/no-OS/projects/fmcdaq2/system_top/hw/system_top.xsa
TRACE::2024-10-16.19:17:37::SCWPlatform::DSA directory C:/Users/fpga_/Desktop/adi/no-OS/projects/fmcdaq2/system_top/hw
TRACE::2024-10-16.19:17:37::SCWPlatform:: Platform Path C:/Users/fpga_/Desktop/adi/no-OS/projects/fmcdaq2/system_top/hw/system_top.xsa
TRACE::2024-10-16.19:17:37::SCWPlatform:: Unique name xilinx:kcu116::0.0
TRACE::2024-10-16.19:17:37::SCWPlatform::Trying to set the existing hwdb with name system_top_0
TRACE::2024-10-16.19:17:37::SCWPlatform::Opened existing hwdb system_top_0
TRACE::2024-10-16.19:17:37::SCWPlatform::Found the Hw Db part of the input DSA
TRACE::2024-10-16.19:17:37::SCWMssOS::Checking the sw design at  C:/Users/fpga_/Desktop/adi/no-OS/projects/fmcdaq2/system_top/sys_mb/standalone_sys_mb/bsp/system.mss
TRACE::2024-10-16.19:17:37::SCWMssOS::DEBUG:  swdes dump  C:/Users/fpga_/Desktop/adi/no-OS/projects/fmcdaq2/system_top/sys_mb/standalone_sys_mb/bsp/system.mss|system||

TRACE::2024-10-16.19:17:37::SCWMssOS::Sw design exists and opened at  C:/Users/fpga_/Desktop/adi/no-OS/projects/fmcdaq2/system_top/sys_mb/standalone_sys_mb/bsp/system.mss
TRACE::2024-10-16.19:17:37::SCWPlatform::Trying to open the hw design at C:/Users/fpga_/Desktop/adi/no-OS/projects/fmcdaq2/system_top/hw/system_top.xsa
TRACE::2024-10-16.19:17:37::SCWPlatform::DSA given C:/Users/fpga_/Desktop/adi/no-OS/projects/fmcdaq2/system_top/hw/system_top.xsa
TRACE::2024-10-16.19:17:37::SCWPlatform::DSA absoulate path C:/Users/fpga_/Desktop/adi/no-OS/projects/fmcdaq2/system_top/hw/system_top.xsa
TRACE::2024-10-16.19:17:37::SCWPlatform::DSA directory C:/Users/fpga_/Desktop/adi/no-OS/projects/fmcdaq2/system_top/hw
TRACE::2024-10-16.19:17:37::SCWPlatform:: Platform Path C:/Users/fpga_/Desktop/adi/no-OS/projects/fmcdaq2/system_top/hw/system_top.xsa
TRACE::2024-10-16.19:17:37::SCWPlatform:: Unique name xilinx:kcu116::0.0
TRACE::2024-10-16.19:17:37::SCWPlatform::Trying to set the existing hwdb with name system_top_0
TRACE::2024-10-16.19:17:37::SCWPlatform::Opened existing hwdb system_top_0
TRACE::2024-10-16.19:17:37::SCWPlatform::Found the Hw Db part of the input DSA
TRACE::2024-10-16.19:17:37::SCWMssOS::Checking the sw design at  C:/Users/fpga_/Desktop/adi/no-OS/projects/fmcdaq2/system_top/sys_mb/standalone_sys_mb/bsp/system.mss
TRACE::2024-10-16.19:17:37::SCWMssOS::DEBUG:  swdes dump  C:/Users/fpga_/Desktop/adi/no-OS/projects/fmcdaq2/system_top/sys_mb/standalone_sys_mb/bsp/system.mss|system||

TRACE::2024-10-16.19:17:37::SCWMssOS::Sw design exists and opened at  C:/Users/fpga_/Desktop/adi/no-OS/projects/fmcdaq2/system_top/sys_mb/standalone_sys_mb/bsp/system.mss
TRACE::2024-10-16.19:17:37::SCWPlatform::Trying to open the hw design at C:/Users/fpga_/Desktop/adi/no-OS/projects/fmcdaq2/system_top/hw/system_top.xsa
TRACE::2024-10-16.19:17:37::SCWPlatform::DSA given C:/Users/fpga_/Desktop/adi/no-OS/projects/fmcdaq2/system_top/hw/system_top.xsa
TRACE::2024-10-16.19:17:37::SCWPlatform::DSA absoulate path C:/Users/fpga_/Desktop/adi/no-OS/projects/fmcdaq2/system_top/hw/system_top.xsa
TRACE::2024-10-16.19:17:37::SCWPlatform::DSA directory C:/Users/fpga_/Desktop/adi/no-OS/projects/fmcdaq2/system_top/hw
TRACE::2024-10-16.19:17:37::SCWPlatform:: Platform Path C:/Users/fpga_/Desktop/adi/no-OS/projects/fmcdaq2/system_top/hw/system_top.xsa
TRACE::2024-10-16.19:17:37::SCWPlatform:: Unique name xilinx:kcu116::0.0
TRACE::2024-10-16.19:17:37::SCWPlatform::Trying to set the existing hwdb with name system_top_0
TRACE::2024-10-16.19:17:37::SCWPlatform::Opened existing hwdb system_top_0
TRACE::2024-10-16.19:17:37::SCWPlatform::Found the Hw Db part of the input DSA
TRACE::2024-10-16.19:17:37::SCWMssOS::Checking the sw design at  C:/Users/fpga_/Desktop/adi/no-OS/projects/fmcdaq2/system_top/sys_mb/standalone_sys_mb/bsp/system.mss
TRACE::2024-10-16.19:17:37::SCWMssOS::DEBUG:  swdes dump  C:/Users/fpga_/Desktop/adi/no-OS/projects/fmcdaq2/system_top/sys_mb/standalone_sys_mb/bsp/system.mss|system||

TRACE::2024-10-16.19:17:37::SCWMssOS::Sw design exists and opened at  C:/Users/fpga_/Desktop/adi/no-OS/projects/fmcdaq2/system_top/sys_mb/standalone_sys_mb/bsp/system.mss
TRACE::2024-10-16.19:17:37::SCWWriter::formatted JSON is {
	"platformName":	"system_top",
	"sprVersion":	"2.0",
	"mode":	"gui",
	"dsaType":	"Fixed",
	"platformDesc":	"system_top",
	"platHandOff":	"C:/Users/fpga_/Desktop/adi/no-OS/projects/fmcdac/system_top.xsa",
	"platIntHandOff":	"<platformDir>/hw/system_top.xsa",
	"deviceType":	"FPGA",
	"platIsPrebuiltAutogen":	"false",
	"platIsNoBootBsp":	"false",
	"hasFsblMakeHasChanges":	"false",
	"hasPmufwMakeHasChanges":	"false",
	"platPreBuiltFlag":	false,
	"platformSamplesDir":	"",
	"platActiveSys":	"system_top",
	"systems":	[{
			"systemName":	"system_top",
			"systemDesc":	"system_top",
			"sysIsBootAutoGen":	"true",
			"systemDispName":	"system_top",
			"sysActiveDom":	"standalone_sys_mb",
			"sysDefaultDom":	"standalone_sys_mb",
			"domains":	[{
					"domainName":	"standalone_sys_mb",
					"domainDispName":	"standalone_sys_mb",
					"domainDesc":	"standalone_sys_mb",
					"processors":	"sys_mb",
					"os":	"standalone",
					"sdxOs":	"standalone",
					"debugEnable":	"False",
					"domRuntimes":	["cpp"],
					"swRepo":	"",
					"mssOsVer":	"7.6",
					"mssFile":	"",
					"md5Digest":	"caae14d43ba4fcea309c02bcec1b414b",
					"compatibleApp":	"empty_application",
					"domType":	"mssDomain",
					"arch":	"32-bit",
					"appSettings":	{
						"appCompilerFlags":	"",
						"appLinkerFlags":	""
					},
					"addedLibs":	[],
					"libOptions":	{
						"libsContainingOptions":	[]
					},
					"prebuiltLibs":	{
						"prebuiltIncPath":	[],
						"prebuiltLibPath":	[]
					},
					"isolation":	{
					}
				}]
		}]
}
TRACE::2024-10-16.19:17:37::SCWPlatform::Trying to open the hw design at C:/Users/fpga_/Desktop/adi/no-OS/projects/fmcdaq2/system_top/hw/system_top.xsa
TRACE::2024-10-16.19:17:37::SCWPlatform::DSA given C:/Users/fpga_/Desktop/adi/no-OS/projects/fmcdaq2/system_top/hw/system_top.xsa
TRACE::2024-10-16.19:17:37::SCWPlatform::DSA absoulate path C:/Users/fpga_/Desktop/adi/no-OS/projects/fmcdaq2/system_top/hw/system_top.xsa
TRACE::2024-10-16.19:17:37::SCWPlatform::DSA directory C:/Users/fpga_/Desktop/adi/no-OS/projects/fmcdaq2/system_top/hw
TRACE::2024-10-16.19:17:37::SCWPlatform:: Platform Path C:/Users/fpga_/Desktop/adi/no-OS/projects/fmcdaq2/system_top/hw/system_top.xsa
TRACE::2024-10-16.19:17:37::SCWPlatform:: Unique name xilinx:kcu116::0.0
TRACE::2024-10-16.19:17:37::SCWPlatform::Trying to set the existing hwdb with name system_top_0
TRACE::2024-10-16.19:17:37::SCWPlatform::Opened existing hwdb system_top_0
TRACE::2024-10-16.19:17:37::SCWPlatform::Found the Hw Db part of the input DSA
TRACE::2024-10-16.19:17:37::SCWMssOS::Checking the sw design at  C:/Users/fpga_/Desktop/adi/no-OS/projects/fmcdaq2/system_top/sys_mb/standalone_sys_mb/bsp/system.mss
TRACE::2024-10-16.19:17:37::SCWMssOS::DEBUG:  swdes dump  C:/Users/fpga_/Desktop/adi/no-OS/projects/fmcdaq2/system_top/sys_mb/standalone_sys_mb/bsp/system.mss|system||

TRACE::2024-10-16.19:17:37::SCWMssOS::Sw design exists and opened at  C:/Users/fpga_/Desktop/adi/no-OS/projects/fmcdaq2/system_top/sys_mb/standalone_sys_mb/bsp/system.mss
TRACE::2024-10-16.19:17:37::SCWPlatform::Trying to open the hw design at C:/Users/fpga_/Desktop/adi/no-OS/projects/fmcdaq2/system_top/hw/system_top.xsa
TRACE::2024-10-16.19:17:37::SCWPlatform::DSA given C:/Users/fpga_/Desktop/adi/no-OS/projects/fmcdaq2/system_top/hw/system_top.xsa
TRACE::2024-10-16.19:17:37::SCWPlatform::DSA absoulate path C:/Users/fpga_/Desktop/adi/no-OS/projects/fmcdaq2/system_top/hw/system_top.xsa
TRACE::2024-10-16.19:17:37::SCWPlatform::DSA directory C:/Users/fpga_/Desktop/adi/no-OS/projects/fmcdaq2/system_top/hw
TRACE::2024-10-16.19:17:37::SCWPlatform:: Platform Path C:/Users/fpga_/Desktop/adi/no-OS/projects/fmcdaq2/system_top/hw/system_top.xsa
TRACE::2024-10-16.19:17:37::SCWPlatform:: Unique name xilinx:kcu116::0.0
TRACE::2024-10-16.19:17:37::SCWPlatform::Trying to set the existing hwdb with name system_top_0
TRACE::2024-10-16.19:17:37::SCWPlatform::Opened existing hwdb system_top_0
TRACE::2024-10-16.19:17:37::SCWPlatform::Found the Hw Db part of the input DSA
TRACE::2024-10-16.19:17:37::SCWMssOS::Checking the sw design at  C:/Users/fpga_/Desktop/adi/no-OS/projects/fmcdaq2/system_top/sys_mb/standalone_sys_mb/bsp/system.mss
TRACE::2024-10-16.19:17:37::SCWMssOS::DEBUG:  swdes dump  C:/Users/fpga_/Desktop/adi/no-OS/projects/fmcdaq2/system_top/sys_mb/standalone_sys_mb/bsp/system.mss|system||

TRACE::2024-10-16.19:17:37::SCWMssOS::Sw design exists and opened at  C:/Users/fpga_/Desktop/adi/no-OS/projects/fmcdaq2/system_top/sys_mb/standalone_sys_mb/bsp/system.mss
TRACE::2024-10-16.19:17:37::SCWMssOS::Saving the mss changes C:/Users/fpga_/Desktop/adi/no-OS/projects/fmcdaq2/system_top/sys_mb/standalone_sys_mb/bsp/system.mss
TRACE::2024-10-16.19:17:37::SCWMssOS::Found a swdesign opened with the mssfile.
TRACE::2024-10-16.19:17:37::SCWMssOS::Completed writemss as part of save.
TRACE::2024-10-16.19:17:37::SCWMssOS::Commit changes completed.
TRACE::2024-10-16.19:17:37::SCWPlatform::Trying to open the hw design at C:/Users/fpga_/Desktop/adi/no-OS/projects/fmcdaq2/system_top/hw/system_top.xsa
TRACE::2024-10-16.19:17:37::SCWPlatform::DSA given C:/Users/fpga_/Desktop/adi/no-OS/projects/fmcdaq2/system_top/hw/system_top.xsa
TRACE::2024-10-16.19:17:37::SCWPlatform::DSA absoulate path C:/Users/fpga_/Desktop/adi/no-OS/projects/fmcdaq2/system_top/hw/system_top.xsa
TRACE::2024-10-16.19:17:37::SCWPlatform::DSA directory C:/Users/fpga_/Desktop/adi/no-OS/projects/fmcdaq2/system_top/hw
TRACE::2024-10-16.19:17:37::SCWPlatform:: Platform Path C:/Users/fpga_/Desktop/adi/no-OS/projects/fmcdaq2/system_top/hw/system_top.xsa
TRACE::2024-10-16.19:17:37::SCWPlatform:: Unique name xilinx:kcu116::0.0
TRACE::2024-10-16.19:17:37::SCWPlatform::Trying to set the existing hwdb with name system_top_0
TRACE::2024-10-16.19:17:37::SCWPlatform::Opened existing hwdb system_top_0
TRACE::2024-10-16.19:17:37::SCWPlatform::Found the Hw Db part of the input DSA
TRACE::2024-10-16.19:17:37::SCWMssOS::Checking the sw design at  C:/Users/fpga_/Desktop/adi/no-OS/projects/fmcdaq2/system_top/sys_mb/standalone_sys_mb/bsp/system.mss
TRACE::2024-10-16.19:17:37::SCWMssOS::DEBUG:  swdes dump  C:/Users/fpga_/Desktop/adi/no-OS/projects/fmcdaq2/system_top/sys_mb/standalone_sys_mb/bsp/system.mss|system||

TRACE::2024-10-16.19:17:37::SCWMssOS::Sw design exists and opened at  C:/Users/fpga_/Desktop/adi/no-OS/projects/fmcdaq2/system_top/sys_mb/standalone_sys_mb/bsp/system.mss
TRACE::2024-10-16.19:17:37::SCWPlatform::Trying to open the hw design at C:/Users/fpga_/Desktop/adi/no-OS/projects/fmcdaq2/system_top/hw/system_top.xsa
TRACE::2024-10-16.19:17:37::SCWPlatform::DSA given C:/Users/fpga_/Desktop/adi/no-OS/projects/fmcdaq2/system_top/hw/system_top.xsa
TRACE::2024-10-16.19:17:37::SCWPlatform::DSA absoulate path C:/Users/fpga_/Desktop/adi/no-OS/projects/fmcdaq2/system_top/hw/system_top.xsa
TRACE::2024-10-16.19:17:37::SCWPlatform::DSA directory C:/Users/fpga_/Desktop/adi/no-OS/projects/fmcdaq2/system_top/hw
TRACE::2024-10-16.19:17:37::SCWPlatform:: Platform Path C:/Users/fpga_/Desktop/adi/no-OS/projects/fmcdaq2/system_top/hw/system_top.xsa
TRACE::2024-10-16.19:17:37::SCWPlatform:: Unique name xilinx:kcu116::0.0
TRACE::2024-10-16.19:17:37::SCWPlatform::Trying to set the existing hwdb with name system_top_0
TRACE::2024-10-16.19:17:37::SCWPlatform::Opened existing hwdb system_top_0
TRACE::2024-10-16.19:17:37::SCWPlatform::Found the Hw Db part of the input DSA
TRACE::2024-10-16.19:17:37::SCWMssOS::Checking the sw design at  C:/Users/fpga_/Desktop/adi/no-OS/projects/fmcdaq2/system_top/sys_mb/standalone_sys_mb/bsp/system.mss
TRACE::2024-10-16.19:17:37::SCWMssOS::DEBUG:  swdes dump  C:/Users/fpga_/Desktop/adi/no-OS/projects/fmcdaq2/system_top/sys_mb/standalone_sys_mb/bsp/system.mss|system||

TRACE::2024-10-16.19:17:37::SCWMssOS::Sw design exists and opened at  C:/Users/fpga_/Desktop/adi/no-OS/projects/fmcdaq2/system_top/sys_mb/standalone_sys_mb/bsp/system.mss
TRACE::2024-10-16.19:17:37::SCWPlatform::Trying to open the hw design at C:/Users/fpga_/Desktop/adi/no-OS/projects/fmcdaq2/system_top/hw/system_top.xsa
TRACE::2024-10-16.19:17:37::SCWPlatform::DSA given C:/Users/fpga_/Desktop/adi/no-OS/projects/fmcdaq2/system_top/hw/system_top.xsa
TRACE::2024-10-16.19:17:37::SCWPlatform::DSA absoulate path C:/Users/fpga_/Desktop/adi/no-OS/projects/fmcdaq2/system_top/hw/system_top.xsa
TRACE::2024-10-16.19:17:37::SCWPlatform::DSA directory C:/Users/fpga_/Desktop/adi/no-OS/projects/fmcdaq2/system_top/hw
TRACE::2024-10-16.19:17:37::SCWPlatform:: Platform Path C:/Users/fpga_/Desktop/adi/no-OS/projects/fmcdaq2/system_top/hw/system_top.xsa
TRACE::2024-10-16.19:17:37::SCWPlatform:: Unique name xilinx:kcu116::0.0
TRACE::2024-10-16.19:17:37::SCWPlatform::Trying to set the existing hwdb with name system_top_0
TRACE::2024-10-16.19:17:37::SCWPlatform::Opened existing hwdb system_top_0
TRACE::2024-10-16.19:17:37::SCWPlatform::Found the Hw Db part of the input DSA
TRACE::2024-10-16.19:17:37::SCWMssOS::Checking the sw design at  C:/Users/fpga_/Desktop/adi/no-OS/projects/fmcdaq2/system_top/sys_mb/standalone_sys_mb/bsp/system.mss
TRACE::2024-10-16.19:17:37::SCWMssOS::DEBUG:  swdes dump  C:/Users/fpga_/Desktop/adi/no-OS/projects/fmcdaq2/system_top/sys_mb/standalone_sys_mb/bsp/system.mss|system||

TRACE::2024-10-16.19:17:37::SCWMssOS::Sw design exists and opened at  C:/Users/fpga_/Desktop/adi/no-OS/projects/fmcdaq2/system_top/sys_mb/standalone_sys_mb/bsp/system.mss
TRACE::2024-10-16.19:17:37::SCWWriter::formatted JSON is {
	"platformName":	"system_top",
	"sprVersion":	"2.0",
	"mode":	"gui",
	"dsaType":	"Fixed",
	"platformDesc":	"system_top",
	"platHandOff":	"C:/Users/fpga_/Desktop/adi/no-OS/projects/fmcdac/system_top.xsa",
	"platIntHandOff":	"<platformDir>/hw/system_top.xsa",
	"deviceType":	"FPGA",
	"platIsPrebuiltAutogen":	"false",
	"platIsNoBootBsp":	"false",
	"hasFsblMakeHasChanges":	"false",
	"hasPmufwMakeHasChanges":	"false",
	"platPreBuiltFlag":	false,
	"platformSamplesDir":	"",
	"platActiveSys":	"system_top",
	"systems":	[{
			"systemName":	"system_top",
			"systemDesc":	"system_top",
			"sysIsBootAutoGen":	"true",
			"systemDispName":	"system_top",
			"sysActiveDom":	"standalone_sys_mb",
			"sysDefaultDom":	"standalone_sys_mb",
			"domains":	[{
					"domainName":	"standalone_sys_mb",
					"domainDispName":	"standalone_sys_mb",
					"domainDesc":	"standalone_sys_mb",
					"processors":	"sys_mb",
					"os":	"standalone",
					"sdxOs":	"standalone",
					"debugEnable":	"False",
					"domRuntimes":	["cpp"],
					"swRepo":	"",
					"mssOsVer":	"7.6",
					"mssFile":	"",
					"md5Digest":	"caae14d43ba4fcea309c02bcec1b414b",
					"compatibleApp":	"empty_application",
					"domType":	"mssDomain",
					"arch":	"32-bit",
					"appSettings":	{
						"appCompilerFlags":	"",
						"appLinkerFlags":	""
					},
					"addedLibs":	[],
					"libOptions":	{
						"libsContainingOptions":	[]
					},
					"prebuiltLibs":	{
						"prebuiltIncPath":	[],
						"prebuiltLibPath":	[]
					},
					"isolation":	{
					}
				}]
		}]
}
LOG::2024-10-16.19:17:37::SCWPlatform::Started generating the artifacts platform system_top
TRACE::2024-10-16.19:17:37::SCWPlatform::Sanity checking of platform is completed
LOG::2024-10-16.19:17:37::SCWPlatform::Started generating the artifacts for system configuration system_top
LOG::2024-10-16.19:17:37::SCWSystem::Started Processing the domain standalone_sys_mb
TRACE::2024-10-16.19:17:37::SCWDomain::Generating domain artifcats
TRACE::2024-10-16.19:17:37::SCWMssOS::Generating standalone artifcats
TRACE::2024-10-16.19:17:37::SCWMssOS:: Copying the user libraries. 
TRACE::2024-10-16.19:17:37::SCWPlatform::Trying to open the hw design at C:/Users/fpga_/Desktop/adi/no-OS/projects/fmcdaq2/system_top/hw/system_top.xsa
TRACE::2024-10-16.19:17:37::SCWPlatform::DSA given C:/Users/fpga_/Desktop/adi/no-OS/projects/fmcdaq2/system_top/hw/system_top.xsa
TRACE::2024-10-16.19:17:37::SCWPlatform::DSA absoulate path C:/Users/fpga_/Desktop/adi/no-OS/projects/fmcdaq2/system_top/hw/system_top.xsa
TRACE::2024-10-16.19:17:37::SCWPlatform::DSA directory C:/Users/fpga_/Desktop/adi/no-OS/projects/fmcdaq2/system_top/hw
TRACE::2024-10-16.19:17:37::SCWPlatform:: Platform Path C:/Users/fpga_/Desktop/adi/no-OS/projects/fmcdaq2/system_top/hw/system_top.xsa
TRACE::2024-10-16.19:17:37::SCWPlatform:: Unique name xilinx:kcu116::0.0
TRACE::2024-10-16.19:17:37::SCWPlatform::Trying to set the existing hwdb with name system_top_0
TRACE::2024-10-16.19:17:37::SCWPlatform::Opened existing hwdb system_top_0
TRACE::2024-10-16.19:17:37::SCWPlatform::Found the Hw Db part of the input DSA
TRACE::2024-10-16.19:17:37::SCWMssOS::Checking the sw design at  C:/Users/fpga_/Desktop/adi/no-OS/projects/fmcdaq2/system_top/sys_mb/standalone_sys_mb/bsp/system.mss
TRACE::2024-10-16.19:17:37::SCWMssOS::DEBUG:  swdes dump  C:/Users/fpga_/Desktop/adi/no-OS/projects/fmcdaq2/system_top/sys_mb/standalone_sys_mb/bsp/system.mss|system||

TRACE::2024-10-16.19:17:37::SCWMssOS::Sw design exists and opened at  C:/Users/fpga_/Desktop/adi/no-OS/projects/fmcdaq2/system_top/sys_mb/standalone_sys_mb/bsp/system.mss
TRACE::2024-10-16.19:17:37::SCWMssOS::Completed writing the mss file at C:/Users/fpga_/Desktop/adi/no-OS/projects/fmcdaq2/system_top/sys_mb/standalone_sys_mb/bsp
TRACE::2024-10-16.19:17:37::SCWMssOS::Mss edits present, copying mssfile into export location C:/Users/fpga_/Desktop/adi/no-OS/projects/fmcdaq2/system_top/sys_mb/standalone_sys_mb/bsp/system.mss
TRACE::2024-10-16.19:17:37::SCWMssOS::bsp generated is upto date with the mss file. Skipping bsp generation.
TRACE::2024-10-16.19:17:37::SCWMssOS::BSP is already built. skipping the bsp build ... 
TRACE::2024-10-16.19:17:37::SCWDomain::Building the domain as part of full build :  standalone_sys_mb
TRACE::2024-10-16.19:17:37::SCWMssOS::skipping the bsp build ... 
TRACE::2024-10-16.19:17:37::SCWMssOS::Copying to export directory.
TRACE::2024-10-16.19:17:37::SCWMssOS:: Checking if to create the Supporting Applications
TRACE::2024-10-16.19:17:37::SCWMssOS:: No Linux domain exists, trying to generate FSBL 
LOG::2024-10-16.19:17:37::SCWSystem::Completed Processing the domain standalone_sys_mb
LOG::2024-10-16.19:17:37::SCWSystem::Completed Processing the sysconfig system_top
LOG::2024-10-16.19:17:37::SCWPlatform::Completed generating the artifacts for system configuration system_top
TRACE::2024-10-16.19:17:37::SCWPlatform::Started preparing the platform 
TRACE::2024-10-16.19:17:37::SCWSystem::Writing the bif file for system config system_top
TRACE::2024-10-16.19:17:37::SCWSystem::dir created 
TRACE::2024-10-16.19:17:37::SCWSystem::Writing the bif 
TRACE::2024-10-16.19:17:37::SCWPlatform::Started writing the spfm file 
TRACE::2024-10-16.19:17:37::SCWPlatform::Started writing the xpfm file 
TRACE::2024-10-16.19:17:37::SCWPlatform::Completed generating the platform
TRACE::2024-10-16.19:17:37::SCWMssOS::Saving the mss changes C:/Users/fpga_/Desktop/adi/no-OS/projects/fmcdaq2/system_top/sys_mb/standalone_sys_mb/bsp/system.mss
TRACE::2024-10-16.19:17:37::SCWMssOS::Found a swdesign opened with the mssfile.
TRACE::2024-10-16.19:17:37::SCWMssOS::Completed writemss as part of save.
TRACE::2024-10-16.19:17:37::SCWMssOS::Commit changes completed.
TRACE::2024-10-16.19:17:37::SCWPlatform::Trying to open the hw design at C:/Users/fpga_/Desktop/adi/no-OS/projects/fmcdaq2/system_top/hw/system_top.xsa
TRACE::2024-10-16.19:17:37::SCWPlatform::DSA given C:/Users/fpga_/Desktop/adi/no-OS/projects/fmcdaq2/system_top/hw/system_top.xsa
TRACE::2024-10-16.19:17:37::SCWPlatform::DSA absoulate path C:/Users/fpga_/Desktop/adi/no-OS/projects/fmcdaq2/system_top/hw/system_top.xsa
TRACE::2024-10-16.19:17:37::SCWPlatform::DSA directory C:/Users/fpga_/Desktop/adi/no-OS/projects/fmcdaq2/system_top/hw
TRACE::2024-10-16.19:17:37::SCWPlatform:: Platform Path C:/Users/fpga_/Desktop/adi/no-OS/projects/fmcdaq2/system_top/hw/system_top.xsa
TRACE::2024-10-16.19:17:37::SCWPlatform:: Unique name xilinx:kcu116::0.0
TRACE::2024-10-16.19:17:37::SCWPlatform::Trying to set the existing hwdb with name system_top_0
TRACE::2024-10-16.19:17:37::SCWPlatform::Opened existing hwdb system_top_0
TRACE::2024-10-16.19:17:37::SCWPlatform::Found the Hw Db part of the input DSA
TRACE::2024-10-16.19:17:37::SCWMssOS::Checking the sw design at  C:/Users/fpga_/Desktop/adi/no-OS/projects/fmcdaq2/system_top/sys_mb/standalone_sys_mb/bsp/system.mss
TRACE::2024-10-16.19:17:37::SCWMssOS::DEBUG:  swdes dump  C:/Users/fpga_/Desktop/adi/no-OS/projects/fmcdaq2/system_top/sys_mb/standalone_sys_mb/bsp/system.mss|system||

TRACE::2024-10-16.19:17:37::SCWMssOS::Sw design exists and opened at  C:/Users/fpga_/Desktop/adi/no-OS/projects/fmcdaq2/system_top/sys_mb/standalone_sys_mb/bsp/system.mss
TRACE::2024-10-16.19:17:37::SCWPlatform::Trying to open the hw design at C:/Users/fpga_/Desktop/adi/no-OS/projects/fmcdaq2/system_top/hw/system_top.xsa
TRACE::2024-10-16.19:17:37::SCWPlatform::DSA given C:/Users/fpga_/Desktop/adi/no-OS/projects/fmcdaq2/system_top/hw/system_top.xsa
TRACE::2024-10-16.19:17:37::SCWPlatform::DSA absoulate path C:/Users/fpga_/Desktop/adi/no-OS/projects/fmcdaq2/system_top/hw/system_top.xsa
TRACE::2024-10-16.19:17:37::SCWPlatform::DSA directory C:/Users/fpga_/Desktop/adi/no-OS/projects/fmcdaq2/system_top/hw
TRACE::2024-10-16.19:17:37::SCWPlatform:: Platform Path C:/Users/fpga_/Desktop/adi/no-OS/projects/fmcdaq2/system_top/hw/system_top.xsa
TRACE::2024-10-16.19:17:37::SCWPlatform:: Unique name xilinx:kcu116::0.0
TRACE::2024-10-16.19:17:37::SCWPlatform::Trying to set the existing hwdb with name system_top_0
TRACE::2024-10-16.19:17:37::SCWPlatform::Opened existing hwdb system_top_0
TRACE::2024-10-16.19:17:37::SCWPlatform::Found the Hw Db part of the input DSA
TRACE::2024-10-16.19:17:37::SCWMssOS::Checking the sw design at  C:/Users/fpga_/Desktop/adi/no-OS/projects/fmcdaq2/system_top/sys_mb/standalone_sys_mb/bsp/system.mss
TRACE::2024-10-16.19:17:37::SCWMssOS::DEBUG:  swdes dump  C:/Users/fpga_/Desktop/adi/no-OS/projects/fmcdaq2/system_top/sys_mb/standalone_sys_mb/bsp/system.mss|system||

TRACE::2024-10-16.19:17:37::SCWMssOS::Sw design exists and opened at  C:/Users/fpga_/Desktop/adi/no-OS/projects/fmcdaq2/system_top/sys_mb/standalone_sys_mb/bsp/system.mss
TRACE::2024-10-16.19:17:37::SCWPlatform::Trying to open the hw design at C:/Users/fpga_/Desktop/adi/no-OS/projects/fmcdaq2/system_top/hw/system_top.xsa
TRACE::2024-10-16.19:17:37::SCWPlatform::DSA given C:/Users/fpga_/Desktop/adi/no-OS/projects/fmcdaq2/system_top/hw/system_top.xsa
TRACE::2024-10-16.19:17:37::SCWPlatform::DSA absoulate path C:/Users/fpga_/Desktop/adi/no-OS/projects/fmcdaq2/system_top/hw/system_top.xsa
TRACE::2024-10-16.19:17:37::SCWPlatform::DSA directory C:/Users/fpga_/Desktop/adi/no-OS/projects/fmcdaq2/system_top/hw
TRACE::2024-10-16.19:17:37::SCWPlatform:: Platform Path C:/Users/fpga_/Desktop/adi/no-OS/projects/fmcdaq2/system_top/hw/system_top.xsa
TRACE::2024-10-16.19:17:37::SCWPlatform:: Unique name xilinx:kcu116::0.0
TRACE::2024-10-16.19:17:37::SCWPlatform::Trying to set the existing hwdb with name system_top_0
TRACE::2024-10-16.19:17:37::SCWPlatform::Opened existing hwdb system_top_0
TRACE::2024-10-16.19:17:37::SCWPlatform::Found the Hw Db part of the input DSA
TRACE::2024-10-16.19:17:37::SCWMssOS::Checking the sw design at  C:/Users/fpga_/Desktop/adi/no-OS/projects/fmcdaq2/system_top/sys_mb/standalone_sys_mb/bsp/system.mss
TRACE::2024-10-16.19:17:37::SCWMssOS::DEBUG:  swdes dump  C:/Users/fpga_/Desktop/adi/no-OS/projects/fmcdaq2/system_top/sys_mb/standalone_sys_mb/bsp/system.mss|system||

TRACE::2024-10-16.19:17:37::SCWMssOS::Sw design exists and opened at  C:/Users/fpga_/Desktop/adi/no-OS/projects/fmcdaq2/system_top/sys_mb/standalone_sys_mb/bsp/system.mss
TRACE::2024-10-16.19:17:37::SCWWriter::formatted JSON is {
	"platformName":	"system_top",
	"sprVersion":	"2.0",
	"mode":	"gui",
	"dsaType":	"Fixed",
	"platformDesc":	"system_top",
	"platHandOff":	"C:/Users/fpga_/Desktop/adi/no-OS/projects/fmcdac/system_top.xsa",
	"platIntHandOff":	"<platformDir>/hw/system_top.xsa",
	"deviceType":	"FPGA",
	"platIsPrebuiltAutogen":	"false",
	"platIsNoBootBsp":	"false",
	"hasFsblMakeHasChanges":	"false",
	"hasPmufwMakeHasChanges":	"false",
	"platPreBuiltFlag":	false,
	"platformSamplesDir":	"",
	"platActiveSys":	"system_top",
	"systems":	[{
			"systemName":	"system_top",
			"systemDesc":	"system_top",
			"sysIsBootAutoGen":	"true",
			"systemDispName":	"system_top",
			"sysActiveDom":	"standalone_sys_mb",
			"sysDefaultDom":	"standalone_sys_mb",
			"domains":	[{
					"domainName":	"standalone_sys_mb",
					"domainDispName":	"standalone_sys_mb",
					"domainDesc":	"standalone_sys_mb",
					"processors":	"sys_mb",
					"os":	"standalone",
					"sdxOs":	"standalone",
					"debugEnable":	"False",
					"domRuntimes":	["cpp"],
					"swRepo":	"",
					"mssOsVer":	"7.6",
					"mssFile":	"",
					"md5Digest":	"caae14d43ba4fcea309c02bcec1b414b",
					"compatibleApp":	"empty_application",
					"domType":	"mssDomain",
					"arch":	"32-bit",
					"appSettings":	{
						"appCompilerFlags":	"",
						"appLinkerFlags":	""
					},
					"addedLibs":	[],
					"libOptions":	{
						"libsContainingOptions":	[]
					},
					"prebuiltLibs":	{
						"prebuiltIncPath":	[],
						"prebuiltLibPath":	[]
					},
					"isolation":	{
					}
				}]
		}]
}
KEYINFO::2024-10-16.19:17:37::SCWPlatform::updated the xpfm file.
