TRACE::2024-09-26.18:19:48::SCWPlatform::Trying to open the hw design at C:/Users/fpga_/Desktop/adi/no-OS/projects/fmcdaq2/kcu105/hw/system_top.xsa
TRACE::2024-09-26.18:19:48::SCWPlatform::DSA given C:/Users/fpga_/Desktop/adi/no-OS/projects/fmcdaq2/kcu105/hw/system_top.xsa
TRACE::2024-09-26.18:19:48::SCWPlatform::DSA absoulate path C:/Users/fpga_/Desktop/adi/no-OS/projects/fmcdaq2/kcu105/hw/system_top.xsa
TRACE::2024-09-26.18:19:48::SCWPlatform::DSA directory C:/Users/fpga_/Desktop/adi/no-OS/projects/fmcdaq2/kcu105/hw
TRACE::2024-09-26.18:19:48::SCWPlatform:: Platform Path C:/Users/fpga_/Desktop/adi/no-OS/projects/fmcdaq2/kcu105/hw/system_top.xsa
TRACE::2024-09-26.18:19:48::SCWPlatform:: Unique name xilinx:kcu105::0.0
TRACE::2024-09-26.18:19:48::SCWPlatform::Do not have an existing db opened. 
TRACE::2024-09-26.18:19:48::SCWPlatform::Opened new HwDB with name system_top_0
TRACE::2024-09-26.18:19:48::SCWWriter::formatted JSON is {
	"platformName":	"kcu105",
	"sprVersion":	"2.0",
	"mode":	"gui",
	"dsaType":	"Fixed",
	"platformDesc":	"kcu105",
	"platHandOff":	"C:/Users/fpga_/Desktop/adi/no-OS/projects/fmcdaq2/system_top.xsa",
	"platIntHandOff":	"<platformDir>/hw/system_top.xsa",
	"deviceType":	"FPGA",
	"platIsPrebuiltAutogen":	"false",
	"platIsNoBootBsp":	"false",
	"hasFsblMakeHasChanges":	"false",
	"hasPmufwMakeHasChanges":	"false",
	"platPreBuiltFlag":	false,
	"platformSamplesDir":	""
}
TRACE::2024-09-26.18:19:48::SCWWriter::formatted JSON is {
	"platformName":	"kcu105",
	"sprVersion":	"2.0",
	"mode":	"gui",
	"dsaType":	"Fixed",
	"platformDesc":	"kcu105",
	"platHandOff":	"C:/Users/fpga_/Desktop/adi/no-OS/projects/fmcdaq2/system_top.xsa",
	"platIntHandOff":	"<platformDir>/hw/system_top.xsa",
	"deviceType":	"FPGA",
	"platIsPrebuiltAutogen":	"false",
	"platIsNoBootBsp":	"false",
	"hasFsblMakeHasChanges":	"false",
	"hasPmufwMakeHasChanges":	"false",
	"platPreBuiltFlag":	false,
	"platformSamplesDir":	"",
	"platActiveSys":	"kcu105",
	"systems":	[{
			"systemName":	"kcu105",
			"systemDesc":	"kcu105",
			"sysIsBootAutoGen":	"true",
			"systemDispName":	"kcu105"
		}]
}
TRACE::2024-09-26.18:19:48::SCWPlatform::Boot application domains not present, creating them
TRACE::2024-09-26.18:19:48::SCWPlatform::Pure FPGA device, no boot application will be created.
TRACE::2024-09-26.18:19:48::SCWWriter::formatted JSON is {
	"platformName":	"kcu105",
	"sprVersion":	"2.0",
	"mode":	"gui",
	"dsaType":	"Fixed",
	"platformDesc":	"kcu105",
	"platHandOff":	"C:/Users/fpga_/Desktop/adi/no-OS/projects/fmcdaq2/system_top.xsa",
	"platIntHandOff":	"<platformDir>/hw/system_top.xsa",
	"deviceType":	"FPGA",
	"platIsPrebuiltAutogen":	"false",
	"platIsNoBootBsp":	"false",
	"hasFsblMakeHasChanges":	"false",
	"hasPmufwMakeHasChanges":	"false",
	"platPreBuiltFlag":	false,
	"platformSamplesDir":	"",
	"platActiveSys":	"kcu105",
	"systems":	[{
			"systemName":	"kcu105",
			"systemDesc":	"kcu105",
			"sysIsBootAutoGen":	"true",
			"systemDispName":	"kcu105"
		}]
}
TRACE::2024-09-26.18:19:48::SCWWriter::formatted JSON is {
	"platformName":	"kcu105",
	"sprVersion":	"2.0",
	"mode":	"gui",
	"dsaType":	"Fixed",
	"platformDesc":	"kcu105",
	"platHandOff":	"C:/Users/fpga_/Desktop/adi/no-OS/projects/fmcdaq2/system_top.xsa",
	"platIntHandOff":	"<platformDir>/hw/system_top.xsa",
	"deviceType":	"FPGA",
	"platIsPrebuiltAutogen":	"false",
	"platIsNoBootBsp":	"false",
	"hasFsblMakeHasChanges":	"false",
	"hasPmufwMakeHasChanges":	"false",
	"platPreBuiltFlag":	false,
	"platformSamplesDir":	"",
	"platActiveSys":	"kcu105",
	"systems":	[{
			"systemName":	"kcu105",
			"systemDesc":	"kcu105",
			"sysIsBootAutoGen":	"true",
			"systemDispName":	"kcu105"
		}]
}
TRACE::2024-09-26.18:19:48::SCWPlatform::Trying to open the hw design at C:/Users/fpga_/Desktop/adi/no-OS/projects/fmcdaq2/kcu105/hw/system_top.xsa
TRACE::2024-09-26.18:19:48::SCWPlatform::DSA given C:/Users/fpga_/Desktop/adi/no-OS/projects/fmcdaq2/kcu105/hw/system_top.xsa
TRACE::2024-09-26.18:19:48::SCWPlatform::DSA absoulate path C:/Users/fpga_/Desktop/adi/no-OS/projects/fmcdaq2/kcu105/hw/system_top.xsa
TRACE::2024-09-26.18:19:48::SCWPlatform::DSA directory C:/Users/fpga_/Desktop/adi/no-OS/projects/fmcdaq2/kcu105/hw
TRACE::2024-09-26.18:19:48::SCWPlatform:: Platform Path C:/Users/fpga_/Desktop/adi/no-OS/projects/fmcdaq2/kcu105/hw/system_top.xsa
TRACE::2024-09-26.18:19:48::SCWPlatform:: Unique name xilinx:kcu105::0.0
TRACE::2024-09-26.18:19:48::SCWPlatform::Trying to set the existing hwdb with name system_top_0
TRACE::2024-09-26.18:19:48::SCWPlatform::Opened existing hwdb system_top_0
TRACE::2024-09-26.18:19:48::SCWPlatform::Found the Hw Db part of the input DSA
TRACE::2024-09-26.18:19:48::SCWPlatform::Trying to open the hw design at C:/Users/fpga_/Desktop/adi/no-OS/projects/fmcdaq2/kcu105/hw/system_top.xsa
TRACE::2024-09-26.18:19:48::SCWPlatform::DSA given C:/Users/fpga_/Desktop/adi/no-OS/projects/fmcdaq2/kcu105/hw/system_top.xsa
TRACE::2024-09-26.18:19:48::SCWPlatform::DSA absoulate path C:/Users/fpga_/Desktop/adi/no-OS/projects/fmcdaq2/kcu105/hw/system_top.xsa
TRACE::2024-09-26.18:19:48::SCWPlatform::DSA directory C:/Users/fpga_/Desktop/adi/no-OS/projects/fmcdaq2/kcu105/hw
TRACE::2024-09-26.18:19:48::SCWPlatform:: Platform Path C:/Users/fpga_/Desktop/adi/no-OS/projects/fmcdaq2/kcu105/hw/system_top.xsa
TRACE::2024-09-26.18:19:48::SCWPlatform:: Unique name xilinx:kcu105::0.0
TRACE::2024-09-26.18:19:48::SCWPlatform::Trying to set the existing hwdb with name system_top_0
TRACE::2024-09-26.18:19:48::SCWPlatform::Opened existing hwdb system_top_0
TRACE::2024-09-26.18:19:48::SCWPlatform::Found the Hw Db part of the input DSA
TRACE::2024-09-26.18:19:48::SCWDomain::checking for install qemu data   : 
TRACE::2024-09-26.18:19:48::SCWPlatform::Trying to open the hw design at C:/Users/fpga_/Desktop/adi/no-OS/projects/fmcdaq2/kcu105/hw/system_top.xsa
TRACE::2024-09-26.18:19:48::SCWPlatform::DSA given C:/Users/fpga_/Desktop/adi/no-OS/projects/fmcdaq2/kcu105/hw/system_top.xsa
TRACE::2024-09-26.18:19:48::SCWPlatform::DSA absoulate path C:/Users/fpga_/Desktop/adi/no-OS/projects/fmcdaq2/kcu105/hw/system_top.xsa
TRACE::2024-09-26.18:19:48::SCWPlatform::DSA directory C:/Users/fpga_/Desktop/adi/no-OS/projects/fmcdaq2/kcu105/hw
TRACE::2024-09-26.18:19:48::SCWPlatform:: Platform Path C:/Users/fpga_/Desktop/adi/no-OS/projects/fmcdaq2/kcu105/hw/system_top.xsa
TRACE::2024-09-26.18:19:48::SCWPlatform:: Unique name xilinx:kcu105::0.0
TRACE::2024-09-26.18:19:48::SCWPlatform::Trying to set the existing hwdb with name system_top_0
TRACE::2024-09-26.18:19:48::SCWPlatform::Opened existing hwdb system_top_0
TRACE::2024-09-26.18:19:48::SCWPlatform::Found the Hw Db part of the input DSA
TRACE::2024-09-26.18:19:48::SCWPlatform::Trying to open the hw design at C:/Users/fpga_/Desktop/adi/no-OS/projects/fmcdaq2/kcu105/hw/system_top.xsa
TRACE::2024-09-26.18:19:48::SCWPlatform::DSA given C:/Users/fpga_/Desktop/adi/no-OS/projects/fmcdaq2/kcu105/hw/system_top.xsa
TRACE::2024-09-26.18:19:48::SCWPlatform::DSA absoulate path C:/Users/fpga_/Desktop/adi/no-OS/projects/fmcdaq2/kcu105/hw/system_top.xsa
TRACE::2024-09-26.18:19:48::SCWPlatform::DSA directory C:/Users/fpga_/Desktop/adi/no-OS/projects/fmcdaq2/kcu105/hw
TRACE::2024-09-26.18:19:48::SCWPlatform:: Platform Path C:/Users/fpga_/Desktop/adi/no-OS/projects/fmcdaq2/kcu105/hw/system_top.xsa
TRACE::2024-09-26.18:19:48::SCWPlatform:: Unique name xilinx:kcu105::0.0
TRACE::2024-09-26.18:19:48::SCWPlatform::Trying to set the existing hwdb with name system_top_0
TRACE::2024-09-26.18:19:48::SCWPlatform::Opened existing hwdb system_top_0
TRACE::2024-09-26.18:19:48::SCWPlatform::Found the Hw Db part of the input DSA
TRACE::2024-09-26.18:19:48::SCWPlatform::Trying to open the hw design at C:/Users/fpga_/Desktop/adi/no-OS/projects/fmcdaq2/kcu105/hw/system_top.xsa
TRACE::2024-09-26.18:19:48::SCWPlatform::DSA given C:/Users/fpga_/Desktop/adi/no-OS/projects/fmcdaq2/kcu105/hw/system_top.xsa
TRACE::2024-09-26.18:19:48::SCWPlatform::DSA absoulate path C:/Users/fpga_/Desktop/adi/no-OS/projects/fmcdaq2/kcu105/hw/system_top.xsa
TRACE::2024-09-26.18:19:48::SCWPlatform::DSA directory C:/Users/fpga_/Desktop/adi/no-OS/projects/fmcdaq2/kcu105/hw
TRACE::2024-09-26.18:19:48::SCWPlatform:: Platform Path C:/Users/fpga_/Desktop/adi/no-OS/projects/fmcdaq2/kcu105/hw/system_top.xsa
TRACE::2024-09-26.18:19:48::SCWPlatform:: Unique name xilinx:kcu105::0.0
TRACE::2024-09-26.18:19:48::SCWPlatform::Trying to set the existing hwdb with name system_top_0
TRACE::2024-09-26.18:19:48::SCWPlatform::Opened existing hwdb system_top_0
TRACE::2024-09-26.18:19:48::SCWPlatform::Found the Hw Db part of the input DSA
TRACE::2024-09-26.18:19:48::SCWMssOS::Checking the sw design at  C:/Users/fpga_/Desktop/adi/no-OS/projects/fmcdaq2/kcu105/sys_mb/standalone_sys_mb/bsp/system.mss
TRACE::2024-09-26.18:19:48::SCWMssOS::DEBUG:  swdes dump  
TRACE::2024-09-26.18:19:48::SCWMssOS::No sw design opened at  C:/Users/fpga_/Desktop/adi/no-OS/projects/fmcdaq2/kcu105/sys_mb/standalone_sys_mb/bsp/system.mss
TRACE::2024-09-26.18:19:48::SCWMssOS::mss does not exists at C:/Users/fpga_/Desktop/adi/no-OS/projects/fmcdaq2/kcu105/sys_mb/standalone_sys_mb/bsp/system.mss
TRACE::2024-09-26.18:19:48::SCWMssOS::Creating sw design at  C:/Users/fpga_/Desktop/adi/no-OS/projects/fmcdaq2/kcu105/sys_mb/standalone_sys_mb/bsp/system.mss
TRACE::2024-09-26.18:19:48::SCWMssOS::Adding the swdes entry, created swdb C:/Users/fpga_/Desktop/adi/no-OS/projects/fmcdaq2/kcu105/sys_mb/standalone_sys_mb/bsp/system.mss with des name C:/Users/fpga_/Desktop/adi/no-OS/projects/fmcdaq2/kcu105/sys_mb/standalone_sys_mb/bsp/system.mss
TRACE::2024-09-26.18:19:48::SCWMssOS::updating the scw layer changes to swdes at   C:/Users/fpga_/Desktop/adi/no-OS/projects/fmcdaq2/kcu105/sys_mb/standalone_sys_mb/bsp/system.mss
TRACE::2024-09-26.18:19:48::SCWMssOS::Writing mss at C:/Users/fpga_/Desktop/adi/no-OS/projects/fmcdaq2/kcu105/sys_mb/standalone_sys_mb/bsp/system.mss
TRACE::2024-09-26.18:19:48::SCWMssOS::Completed writing the mss file at C:/Users/fpga_/Desktop/adi/no-OS/projects/fmcdaq2/kcu105/sys_mb/standalone_sys_mb/bsp
TRACE::2024-09-26.18:19:48::SCWMssOS::Picking up changes from newly written mss file into SCW Layer. 
TRACE::2024-09-26.18:19:48::SCWMssOS::Updated the changes from newly written mss file into SCW Layer. 
TRACE::2024-09-26.18:19:48::SCWMssOS::Completed writing the mss file at C:/Users/fpga_/Desktop/adi/no-OS/projects/fmcdaq2/kcu105/sys_mb/standalone_sys_mb/bsp
TRACE::2024-09-26.18:19:48::SCWMssOS::Forcing BSP Sources regeneration.
TRACE::2024-09-26.18:19:50::SCWMssOS::Saving the mss changes C:/Users/fpga_/Desktop/adi/no-OS/projects/fmcdaq2/kcu105/sys_mb/standalone_sys_mb/bsp/system.mss
TRACE::2024-09-26.18:19:50::SCWMssOS::Adding the swdes entry, mss present, able to open swdb C:/Users/fpga_/Desktop/adi/no-OS/projects/fmcdaq2/kcu105/sys_mb/standalone_sys_mb/bsp/system.mss with des name system
TRACE::2024-09-26.18:19:50::SCWMssOS::Writing the mss file completed C:/Users/fpga_/Desktop/adi/no-OS/projects/fmcdaq2/kcu105/sys_mb/standalone_sys_mb/bsp/system.mss
TRACE::2024-09-26.18:19:50::SCWMssOS::Commit changes completed.
TRACE::2024-09-26.18:19:50::SCWPlatform::Trying to open the hw design at C:/Users/fpga_/Desktop/adi/no-OS/projects/fmcdaq2/kcu105/hw/system_top.xsa
TRACE::2024-09-26.18:19:50::SCWPlatform::DSA given C:/Users/fpga_/Desktop/adi/no-OS/projects/fmcdaq2/kcu105/hw/system_top.xsa
TRACE::2024-09-26.18:19:50::SCWPlatform::DSA absoulate path C:/Users/fpga_/Desktop/adi/no-OS/projects/fmcdaq2/kcu105/hw/system_top.xsa
TRACE::2024-09-26.18:19:50::SCWPlatform::DSA directory C:/Users/fpga_/Desktop/adi/no-OS/projects/fmcdaq2/kcu105/hw
TRACE::2024-09-26.18:19:50::SCWPlatform:: Platform Path C:/Users/fpga_/Desktop/adi/no-OS/projects/fmcdaq2/kcu105/hw/system_top.xsa
TRACE::2024-09-26.18:19:50::SCWPlatform:: Unique name xilinx:kcu105::0.0
TRACE::2024-09-26.18:19:50::SCWPlatform::Trying to set the existing hwdb with name system_top_0
TRACE::2024-09-26.18:19:50::SCWPlatform::Opened existing hwdb system_top_0
TRACE::2024-09-26.18:19:50::SCWPlatform::Found the Hw Db part of the input DSA
TRACE::2024-09-26.18:19:50::SCWMssOS::Checking the sw design at  C:/Users/fpga_/Desktop/adi/no-OS/projects/fmcdaq2/kcu105/sys_mb/standalone_sys_mb/bsp/system.mss
TRACE::2024-09-26.18:19:50::SCWMssOS::DEBUG:  swdes dump  C:/Users/fpga_/Desktop/adi/no-OS/projects/fmcdaq2/kcu105/sys_mb/standalone_sys_mb/bsp/system.mss|system||

TRACE::2024-09-26.18:19:50::SCWMssOS::Sw design exists and opened at  C:/Users/fpga_/Desktop/adi/no-OS/projects/fmcdaq2/kcu105/sys_mb/standalone_sys_mb/bsp/system.mss
TRACE::2024-09-26.18:19:50::SCWPlatform::Trying to open the hw design at C:/Users/fpga_/Desktop/adi/no-OS/projects/fmcdaq2/kcu105/hw/system_top.xsa
TRACE::2024-09-26.18:19:50::SCWPlatform::DSA given C:/Users/fpga_/Desktop/adi/no-OS/projects/fmcdaq2/kcu105/hw/system_top.xsa
TRACE::2024-09-26.18:19:50::SCWPlatform::DSA absoulate path C:/Users/fpga_/Desktop/adi/no-OS/projects/fmcdaq2/kcu105/hw/system_top.xsa
TRACE::2024-09-26.18:19:50::SCWPlatform::DSA directory C:/Users/fpga_/Desktop/adi/no-OS/projects/fmcdaq2/kcu105/hw
TRACE::2024-09-26.18:19:50::SCWPlatform:: Platform Path C:/Users/fpga_/Desktop/adi/no-OS/projects/fmcdaq2/kcu105/hw/system_top.xsa
TRACE::2024-09-26.18:19:50::SCWPlatform:: Unique name xilinx:kcu105::0.0
TRACE::2024-09-26.18:19:50::SCWPlatform::Trying to set the existing hwdb with name system_top_0
TRACE::2024-09-26.18:19:50::SCWPlatform::Opened existing hwdb system_top_0
TRACE::2024-09-26.18:19:50::SCWPlatform::Found the Hw Db part of the input DSA
TRACE::2024-09-26.18:19:50::SCWMssOS::Checking the sw design at  C:/Users/fpga_/Desktop/adi/no-OS/projects/fmcdaq2/kcu105/sys_mb/standalone_sys_mb/bsp/system.mss
TRACE::2024-09-26.18:19:50::SCWMssOS::DEBUG:  swdes dump  C:/Users/fpga_/Desktop/adi/no-OS/projects/fmcdaq2/kcu105/sys_mb/standalone_sys_mb/bsp/system.mss|system||

TRACE::2024-09-26.18:19:50::SCWMssOS::Sw design exists and opened at  C:/Users/fpga_/Desktop/adi/no-OS/projects/fmcdaq2/kcu105/sys_mb/standalone_sys_mb/bsp/system.mss
TRACE::2024-09-26.18:19:50::SCWPlatform::Trying to open the hw design at C:/Users/fpga_/Desktop/adi/no-OS/projects/fmcdaq2/kcu105/hw/system_top.xsa
TRACE::2024-09-26.18:19:50::SCWPlatform::DSA given C:/Users/fpga_/Desktop/adi/no-OS/projects/fmcdaq2/kcu105/hw/system_top.xsa
TRACE::2024-09-26.18:19:50::SCWPlatform::DSA absoulate path C:/Users/fpga_/Desktop/adi/no-OS/projects/fmcdaq2/kcu105/hw/system_top.xsa
TRACE::2024-09-26.18:19:50::SCWPlatform::DSA directory C:/Users/fpga_/Desktop/adi/no-OS/projects/fmcdaq2/kcu105/hw
TRACE::2024-09-26.18:19:50::SCWPlatform:: Platform Path C:/Users/fpga_/Desktop/adi/no-OS/projects/fmcdaq2/kcu105/hw/system_top.xsa
TRACE::2024-09-26.18:19:50::SCWPlatform:: Unique name xilinx:kcu105::0.0
TRACE::2024-09-26.18:19:50::SCWPlatform::Trying to set the existing hwdb with name system_top_0
TRACE::2024-09-26.18:19:50::SCWPlatform::Opened existing hwdb system_top_0
TRACE::2024-09-26.18:19:50::SCWPlatform::Found the Hw Db part of the input DSA
TRACE::2024-09-26.18:19:50::SCWMssOS::Checking the sw design at  C:/Users/fpga_/Desktop/adi/no-OS/projects/fmcdaq2/kcu105/sys_mb/standalone_sys_mb/bsp/system.mss
TRACE::2024-09-26.18:19:50::SCWMssOS::DEBUG:  swdes dump  C:/Users/fpga_/Desktop/adi/no-OS/projects/fmcdaq2/kcu105/sys_mb/standalone_sys_mb/bsp/system.mss|system||

TRACE::2024-09-26.18:19:50::SCWMssOS::Sw design exists and opened at  C:/Users/fpga_/Desktop/adi/no-OS/projects/fmcdaq2/kcu105/sys_mb/standalone_sys_mb/bsp/system.mss
TRACE::2024-09-26.18:19:50::SCWWriter::formatted JSON is {
	"platformName":	"kcu105",
	"sprVersion":	"2.0",
	"mode":	"gui",
	"dsaType":	"Fixed",
	"platformDesc":	"kcu105",
	"platHandOff":	"C:/Users/fpga_/Desktop/adi/no-OS/projects/fmcdaq2/system_top.xsa",
	"platIntHandOff":	"<platformDir>/hw/system_top.xsa",
	"deviceType":	"FPGA",
	"platIsPrebuiltAutogen":	"false",
	"platIsNoBootBsp":	"false",
	"hasFsblMakeHasChanges":	"false",
	"hasPmufwMakeHasChanges":	"false",
	"platPreBuiltFlag":	false,
	"platformSamplesDir":	"",
	"platActiveSys":	"kcu105",
	"systems":	[{
			"systemName":	"kcu105",
			"systemDesc":	"kcu105",
			"sysIsBootAutoGen":	"true",
			"systemDispName":	"kcu105",
			"sysActiveDom":	"standalone_sys_mb",
			"sysDefaultDom":	"standalone_sys_mb",
			"domains":	[{
					"domainName":	"standalone_sys_mb",
					"domainDispName":	"standalone_sys_mb",
					"domainDesc":	"standalone_sys_mb",
					"processors":	"sys_mb",
					"os":	"standalone",
					"sdxOs":	"standalone",
					"debugEnable":	"False",
					"domRuntimes":	["cpp"],
					"swRepo":	"",
					"mssOsVer":	"7.6",
					"mssFile":	"",
					"md5Digest":	"e5015114a13f0b185c9d3f12511a83b7",
					"compatibleApp":	"empty_application",
					"domType":	"mssDomain",
					"arch":	"32-bit",
					"appSettings":	{
						"appCompilerFlags":	"",
						"appLinkerFlags":	""
					},
					"addedLibs":	[],
					"libOptions":	{
						"libsContainingOptions":	[]
					},
					"prebuiltLibs":	{
						"prebuiltIncPath":	[],
						"prebuiltLibPath":	[]
					},
					"isolation":	{
					}
				}]
		}]
}
LOG::2024-09-26.18:19:50::SCWPlatform::Started generating the artifacts platform kcu105
TRACE::2024-09-26.18:19:50::SCWPlatform::Sanity checking of platform is completed
LOG::2024-09-26.18:19:50::SCWPlatform::Started generating the artifacts for system configuration kcu105
LOG::2024-09-26.18:19:50::SCWSystem::Checking the domain standalone_sys_mb
LOG::2024-09-26.18:19:50::SCWSystem::Not a boot domain 
LOG::2024-09-26.18:19:50::SCWSystem::Started Processing the domain standalone_sys_mb
TRACE::2024-09-26.18:19:50::SCWDomain::Generating domain artifcats
TRACE::2024-09-26.18:19:50::SCWMssOS::Generating standalone artifcats
TRACE::2024-09-26.18:19:50::SCWMssOS:: Copying the user libraries. 
TRACE::2024-09-26.18:19:50::SCWPlatform::Trying to open the hw design at C:/Users/fpga_/Desktop/adi/no-OS/projects/fmcdaq2/kcu105/hw/system_top.xsa
TRACE::2024-09-26.18:19:50::SCWPlatform::DSA given C:/Users/fpga_/Desktop/adi/no-OS/projects/fmcdaq2/kcu105/hw/system_top.xsa
TRACE::2024-09-26.18:19:50::SCWPlatform::DSA absoulate path C:/Users/fpga_/Desktop/adi/no-OS/projects/fmcdaq2/kcu105/hw/system_top.xsa
TRACE::2024-09-26.18:19:50::SCWPlatform::DSA directory C:/Users/fpga_/Desktop/adi/no-OS/projects/fmcdaq2/kcu105/hw
TRACE::2024-09-26.18:19:50::SCWPlatform:: Platform Path C:/Users/fpga_/Desktop/adi/no-OS/projects/fmcdaq2/kcu105/hw/system_top.xsa
TRACE::2024-09-26.18:19:50::SCWPlatform:: Unique name xilinx:kcu105::0.0
TRACE::2024-09-26.18:19:50::SCWPlatform::Trying to set the existing hwdb with name system_top_0
TRACE::2024-09-26.18:19:50::SCWPlatform::Opened existing hwdb system_top_0
TRACE::2024-09-26.18:19:50::SCWPlatform::Found the Hw Db part of the input DSA
TRACE::2024-09-26.18:19:50::SCWMssOS::Checking the sw design at  C:/Users/fpga_/Desktop/adi/no-OS/projects/fmcdaq2/kcu105/sys_mb/standalone_sys_mb/bsp/system.mss
TRACE::2024-09-26.18:19:50::SCWMssOS::DEBUG:  swdes dump  C:/Users/fpga_/Desktop/adi/no-OS/projects/fmcdaq2/kcu105/sys_mb/standalone_sys_mb/bsp/system.mss|system||

TRACE::2024-09-26.18:19:50::SCWMssOS::Sw design exists and opened at  C:/Users/fpga_/Desktop/adi/no-OS/projects/fmcdaq2/kcu105/sys_mb/standalone_sys_mb/bsp/system.mss
TRACE::2024-09-26.18:19:50::SCWMssOS::Completed writing the mss file at C:/Users/fpga_/Desktop/adi/no-OS/projects/fmcdaq2/kcu105/sys_mb/standalone_sys_mb/bsp
TRACE::2024-09-26.18:19:50::SCWMssOS::Mss edits present, copying mssfile into export location C:/Users/fpga_/Desktop/adi/no-OS/projects/fmcdaq2/kcu105/sys_mb/standalone_sys_mb/bsp/system.mss
TRACE::2024-09-26.18:19:50::SCWMssOS::bsp generated is upto date with the mss file. Skipping bsp generation.
TRACE::2024-09-26.18:19:50::SCWMssOS::BSP is already built. skipping the bsp build ... 
TRACE::2024-09-26.18:19:50::SCWDomain::Skipping the build for domain :  standalone_sys_mb
TRACE::2024-09-26.18:19:50::SCWMssOS::skipping the bsp build ... 
TRACE::2024-09-26.18:19:50::SCWMssOS::Copying to export directory.
TRACE::2024-09-26.18:19:50::SCWMssOS:: Checking if to create the Supporting Applications
TRACE::2024-09-26.18:19:50::SCWMssOS:: No Linux domain exists, trying to generate FSBL 
LOG::2024-09-26.18:19:50::SCWSystem::Completed Processing the domain standalone_sys_mb
LOG::2024-09-26.18:19:50::SCWSystem::Completed Processing the sysconfig kcu105
LOG::2024-09-26.18:19:50::SCWPlatform::Completed generating the artifacts for system configuration kcu105
TRACE::2024-09-26.18:19:50::SCWPlatform::Started preparing the platform 
TRACE::2024-09-26.18:19:50::SCWSystem::Writing the bif file for system config kcu105
TRACE::2024-09-26.18:19:50::SCWSystem::dir created 
TRACE::2024-09-26.18:19:50::SCWSystem::Writing the bif 
TRACE::2024-09-26.18:19:50::SCWPlatform::Started writing the spfm file 
TRACE::2024-09-26.18:19:50::SCWPlatform::Started writing the xpfm file 
TRACE::2024-09-26.18:19:50::SCWPlatform::Completed generating the platform
TRACE::2024-09-26.18:19:50::SCWMssOS::Saving the mss changes C:/Users/fpga_/Desktop/adi/no-OS/projects/fmcdaq2/kcu105/sys_mb/standalone_sys_mb/bsp/system.mss
TRACE::2024-09-26.18:19:50::SCWMssOS::Found a swdesign opened with the mssfile.
TRACE::2024-09-26.18:19:50::SCWMssOS::Completed writemss as part of save.
TRACE::2024-09-26.18:19:50::SCWMssOS::Commit changes completed.
TRACE::2024-09-26.18:19:50::SCWPlatform::Trying to open the hw design at C:/Users/fpga_/Desktop/adi/no-OS/projects/fmcdaq2/kcu105/hw/system_top.xsa
TRACE::2024-09-26.18:19:50::SCWPlatform::DSA given C:/Users/fpga_/Desktop/adi/no-OS/projects/fmcdaq2/kcu105/hw/system_top.xsa
TRACE::2024-09-26.18:19:50::SCWPlatform::DSA absoulate path C:/Users/fpga_/Desktop/adi/no-OS/projects/fmcdaq2/kcu105/hw/system_top.xsa
TRACE::2024-09-26.18:19:50::SCWPlatform::DSA directory C:/Users/fpga_/Desktop/adi/no-OS/projects/fmcdaq2/kcu105/hw
TRACE::2024-09-26.18:19:50::SCWPlatform:: Platform Path C:/Users/fpga_/Desktop/adi/no-OS/projects/fmcdaq2/kcu105/hw/system_top.xsa
TRACE::2024-09-26.18:19:50::SCWPlatform:: Unique name xilinx:kcu105::0.0
TRACE::2024-09-26.18:19:50::SCWPlatform::Trying to set the existing hwdb with name system_top_0
TRACE::2024-09-26.18:19:50::SCWPlatform::Opened existing hwdb system_top_0
TRACE::2024-09-26.18:19:50::SCWPlatform::Found the Hw Db part of the input DSA
TRACE::2024-09-26.18:19:50::SCWMssOS::Checking the sw design at  C:/Users/fpga_/Desktop/adi/no-OS/projects/fmcdaq2/kcu105/sys_mb/standalone_sys_mb/bsp/system.mss
TRACE::2024-09-26.18:19:50::SCWMssOS::DEBUG:  swdes dump  C:/Users/fpga_/Desktop/adi/no-OS/projects/fmcdaq2/kcu105/sys_mb/standalone_sys_mb/bsp/system.mss|system||

TRACE::2024-09-26.18:19:50::SCWMssOS::Sw design exists and opened at  C:/Users/fpga_/Desktop/adi/no-OS/projects/fmcdaq2/kcu105/sys_mb/standalone_sys_mb/bsp/system.mss
TRACE::2024-09-26.18:19:50::SCWPlatform::Trying to open the hw design at C:/Users/fpga_/Desktop/adi/no-OS/projects/fmcdaq2/kcu105/hw/system_top.xsa
TRACE::2024-09-26.18:19:50::SCWPlatform::DSA given C:/Users/fpga_/Desktop/adi/no-OS/projects/fmcdaq2/kcu105/hw/system_top.xsa
TRACE::2024-09-26.18:19:50::SCWPlatform::DSA absoulate path C:/Users/fpga_/Desktop/adi/no-OS/projects/fmcdaq2/kcu105/hw/system_top.xsa
TRACE::2024-09-26.18:19:50::SCWPlatform::DSA directory C:/Users/fpga_/Desktop/adi/no-OS/projects/fmcdaq2/kcu105/hw
TRACE::2024-09-26.18:19:50::SCWPlatform:: Platform Path C:/Users/fpga_/Desktop/adi/no-OS/projects/fmcdaq2/kcu105/hw/system_top.xsa
TRACE::2024-09-26.18:19:50::SCWPlatform:: Unique name xilinx:kcu105::0.0
TRACE::2024-09-26.18:19:50::SCWPlatform::Trying to set the existing hwdb with name system_top_0
TRACE::2024-09-26.18:19:50::SCWPlatform::Opened existing hwdb system_top_0
TRACE::2024-09-26.18:19:50::SCWPlatform::Found the Hw Db part of the input DSA
TRACE::2024-09-26.18:19:50::SCWMssOS::Checking the sw design at  C:/Users/fpga_/Desktop/adi/no-OS/projects/fmcdaq2/kcu105/sys_mb/standalone_sys_mb/bsp/system.mss
TRACE::2024-09-26.18:19:50::SCWMssOS::DEBUG:  swdes dump  C:/Users/fpga_/Desktop/adi/no-OS/projects/fmcdaq2/kcu105/sys_mb/standalone_sys_mb/bsp/system.mss|system||

TRACE::2024-09-26.18:19:50::SCWMssOS::Sw design exists and opened at  C:/Users/fpga_/Desktop/adi/no-OS/projects/fmcdaq2/kcu105/sys_mb/standalone_sys_mb/bsp/system.mss
TRACE::2024-09-26.18:19:50::SCWPlatform::Trying to open the hw design at C:/Users/fpga_/Desktop/adi/no-OS/projects/fmcdaq2/kcu105/hw/system_top.xsa
TRACE::2024-09-26.18:19:50::SCWPlatform::DSA given C:/Users/fpga_/Desktop/adi/no-OS/projects/fmcdaq2/kcu105/hw/system_top.xsa
TRACE::2024-09-26.18:19:50::SCWPlatform::DSA absoulate path C:/Users/fpga_/Desktop/adi/no-OS/projects/fmcdaq2/kcu105/hw/system_top.xsa
TRACE::2024-09-26.18:19:50::SCWPlatform::DSA directory C:/Users/fpga_/Desktop/adi/no-OS/projects/fmcdaq2/kcu105/hw
TRACE::2024-09-26.18:19:50::SCWPlatform:: Platform Path C:/Users/fpga_/Desktop/adi/no-OS/projects/fmcdaq2/kcu105/hw/system_top.xsa
TRACE::2024-09-26.18:19:50::SCWPlatform:: Unique name xilinx:kcu105::0.0
TRACE::2024-09-26.18:19:50::SCWPlatform::Trying to set the existing hwdb with name system_top_0
TRACE::2024-09-26.18:19:50::SCWPlatform::Opened existing hwdb system_top_0
TRACE::2024-09-26.18:19:50::SCWPlatform::Found the Hw Db part of the input DSA
TRACE::2024-09-26.18:19:50::SCWMssOS::Checking the sw design at  C:/Users/fpga_/Desktop/adi/no-OS/projects/fmcdaq2/kcu105/sys_mb/standalone_sys_mb/bsp/system.mss
TRACE::2024-09-26.18:19:50::SCWMssOS::DEBUG:  swdes dump  C:/Users/fpga_/Desktop/adi/no-OS/projects/fmcdaq2/kcu105/sys_mb/standalone_sys_mb/bsp/system.mss|system||

TRACE::2024-09-26.18:19:50::SCWMssOS::Sw design exists and opened at  C:/Users/fpga_/Desktop/adi/no-OS/projects/fmcdaq2/kcu105/sys_mb/standalone_sys_mb/bsp/system.mss
TRACE::2024-09-26.18:19:50::SCWWriter::formatted JSON is {
	"platformName":	"kcu105",
	"sprVersion":	"2.0",
	"mode":	"gui",
	"dsaType":	"Fixed",
	"platformDesc":	"kcu105",
	"platHandOff":	"C:/Users/fpga_/Desktop/adi/no-OS/projects/fmcdaq2/system_top.xsa",
	"platIntHandOff":	"<platformDir>/hw/system_top.xsa",
	"deviceType":	"FPGA",
	"platIsPrebuiltAutogen":	"false",
	"platIsNoBootBsp":	"false",
	"hasFsblMakeHasChanges":	"false",
	"hasPmufwMakeHasChanges":	"false",
	"platPreBuiltFlag":	false,
	"platformSamplesDir":	"",
	"platActiveSys":	"kcu105",
	"systems":	[{
			"systemName":	"kcu105",
			"systemDesc":	"kcu105",
			"sysIsBootAutoGen":	"true",
			"systemDispName":	"kcu105",
			"sysActiveDom":	"standalone_sys_mb",
			"sysDefaultDom":	"standalone_sys_mb",
			"domains":	[{
					"domainName":	"standalone_sys_mb",
					"domainDispName":	"standalone_sys_mb",
					"domainDesc":	"standalone_sys_mb",
					"processors":	"sys_mb",
					"os":	"standalone",
					"sdxOs":	"standalone",
					"debugEnable":	"False",
					"domRuntimes":	["cpp"],
					"swRepo":	"",
					"mssOsVer":	"7.6",
					"mssFile":	"",
					"md5Digest":	"e5015114a13f0b185c9d3f12511a83b7",
					"compatibleApp":	"empty_application",
					"domType":	"mssDomain",
					"arch":	"32-bit",
					"appSettings":	{
						"appCompilerFlags":	"",
						"appLinkerFlags":	""
					},
					"addedLibs":	[],
					"libOptions":	{
						"libsContainingOptions":	[]
					},
					"prebuiltLibs":	{
						"prebuiltIncPath":	[],
						"prebuiltLibPath":	[]
					},
					"isolation":	{
					}
				}]
		}]
}
KEYINFO::2024-09-26.18:19:50::SCWPlatform::updated the xpfm file.
TRACE::2024-09-26.18:19:50::SCWPlatform::Trying to open the hw design at C:/Users/fpga_/Desktop/adi/no-OS/projects/fmcdaq2/kcu105/hw/system_top.xsa
TRACE::2024-09-26.18:19:50::SCWPlatform::DSA given C:/Users/fpga_/Desktop/adi/no-OS/projects/fmcdaq2/kcu105/hw/system_top.xsa
TRACE::2024-09-26.18:19:50::SCWPlatform::DSA absoulate path C:/Users/fpga_/Desktop/adi/no-OS/projects/fmcdaq2/kcu105/hw/system_top.xsa
TRACE::2024-09-26.18:19:50::SCWPlatform::DSA directory C:/Users/fpga_/Desktop/adi/no-OS/projects/fmcdaq2/kcu105/hw
TRACE::2024-09-26.18:19:50::SCWPlatform:: Platform Path C:/Users/fpga_/Desktop/adi/no-OS/projects/fmcdaq2/kcu105/hw/system_top.xsa
TRACE::2024-09-26.18:19:50::SCWPlatform:: Unique name xilinx:kcu105::0.0
TRACE::2024-09-26.18:19:50::SCWPlatform::Trying to set the existing hwdb with name system_top_0
TRACE::2024-09-26.18:19:50::SCWPlatform::Opened existing hwdb system_top_0
TRACE::2024-09-26.18:19:50::SCWPlatform::Found the Hw Db part of the input DSA
TRACE::2024-09-26.18:19:50::SCWMssOS::Checking the sw design at  C:/Users/fpga_/Desktop/adi/no-OS/projects/fmcdaq2/kcu105/sys_mb/standalone_sys_mb/bsp/system.mss
TRACE::2024-09-26.18:19:50::SCWMssOS::DEBUG:  swdes dump  C:/Users/fpga_/Desktop/adi/no-OS/projects/fmcdaq2/kcu105/sys_mb/standalone_sys_mb/bsp/system.mss|system||

TRACE::2024-09-26.18:19:50::SCWMssOS::Sw design exists and opened at  C:/Users/fpga_/Desktop/adi/no-OS/projects/fmcdaq2/kcu105/sys_mb/standalone_sys_mb/bsp/system.mss
TRACE::2024-09-26.18:19:50::SCWMssOS::Saving the mss changes C:/Users/fpga_/Desktop/adi/no-OS/projects/fmcdaq2/kcu105/sys_mb/standalone_sys_mb/bsp/system.mss
TRACE::2024-09-26.18:19:50::SCWMssOS::Found a swdesign opened with the mssfile.
TRACE::2024-09-26.18:19:50::SCWMssOS::Completed writemss as part of save.
TRACE::2024-09-26.18:19:50::SCWMssOS::Commit changes completed.
TRACE::2024-09-26.18:19:50::SCWPlatform::Trying to open the hw design at C:/Users/fpga_/Desktop/adi/no-OS/projects/fmcdaq2/kcu105/hw/system_top.xsa
TRACE::2024-09-26.18:19:50::SCWPlatform::DSA given C:/Users/fpga_/Desktop/adi/no-OS/projects/fmcdaq2/kcu105/hw/system_top.xsa
TRACE::2024-09-26.18:19:50::SCWPlatform::DSA absoulate path C:/Users/fpga_/Desktop/adi/no-OS/projects/fmcdaq2/kcu105/hw/system_top.xsa
TRACE::2024-09-26.18:19:50::SCWPlatform::DSA directory C:/Users/fpga_/Desktop/adi/no-OS/projects/fmcdaq2/kcu105/hw
TRACE::2024-09-26.18:19:50::SCWPlatform:: Platform Path C:/Users/fpga_/Desktop/adi/no-OS/projects/fmcdaq2/kcu105/hw/system_top.xsa
TRACE::2024-09-26.18:19:50::SCWPlatform:: Unique name xilinx:kcu105::0.0
TRACE::2024-09-26.18:19:50::SCWPlatform::Trying to set the existing hwdb with name system_top_0
TRACE::2024-09-26.18:19:50::SCWPlatform::Opened existing hwdb system_top_0
TRACE::2024-09-26.18:19:50::SCWPlatform::Found the Hw Db part of the input DSA
TRACE::2024-09-26.18:19:50::SCWMssOS::Checking the sw design at  C:/Users/fpga_/Desktop/adi/no-OS/projects/fmcdaq2/kcu105/sys_mb/standalone_sys_mb/bsp/system.mss
TRACE::2024-09-26.18:19:50::SCWMssOS::DEBUG:  swdes dump  C:/Users/fpga_/Desktop/adi/no-OS/projects/fmcdaq2/kcu105/sys_mb/standalone_sys_mb/bsp/system.mss|system||

TRACE::2024-09-26.18:19:50::SCWMssOS::Sw design exists and opened at  C:/Users/fpga_/Desktop/adi/no-OS/projects/fmcdaq2/kcu105/sys_mb/standalone_sys_mb/bsp/system.mss
TRACE::2024-09-26.18:19:50::SCWPlatform::Trying to open the hw design at C:/Users/fpga_/Desktop/adi/no-OS/projects/fmcdaq2/kcu105/hw/system_top.xsa
TRACE::2024-09-26.18:19:50::SCWPlatform::DSA given C:/Users/fpga_/Desktop/adi/no-OS/projects/fmcdaq2/kcu105/hw/system_top.xsa
TRACE::2024-09-26.18:19:50::SCWPlatform::DSA absoulate path C:/Users/fpga_/Desktop/adi/no-OS/projects/fmcdaq2/kcu105/hw/system_top.xsa
TRACE::2024-09-26.18:19:50::SCWPlatform::DSA directory C:/Users/fpga_/Desktop/adi/no-OS/projects/fmcdaq2/kcu105/hw
TRACE::2024-09-26.18:19:50::SCWPlatform:: Platform Path C:/Users/fpga_/Desktop/adi/no-OS/projects/fmcdaq2/kcu105/hw/system_top.xsa
TRACE::2024-09-26.18:19:50::SCWPlatform:: Unique name xilinx:kcu105::0.0
TRACE::2024-09-26.18:19:50::SCWPlatform::Trying to set the existing hwdb with name system_top_0
TRACE::2024-09-26.18:19:50::SCWPlatform::Opened existing hwdb system_top_0
TRACE::2024-09-26.18:19:50::SCWPlatform::Found the Hw Db part of the input DSA
TRACE::2024-09-26.18:19:50::SCWMssOS::Checking the sw design at  C:/Users/fpga_/Desktop/adi/no-OS/projects/fmcdaq2/kcu105/sys_mb/standalone_sys_mb/bsp/system.mss
TRACE::2024-09-26.18:19:50::SCWMssOS::DEBUG:  swdes dump  C:/Users/fpga_/Desktop/adi/no-OS/projects/fmcdaq2/kcu105/sys_mb/standalone_sys_mb/bsp/system.mss|system||

TRACE::2024-09-26.18:19:50::SCWMssOS::Sw design exists and opened at  C:/Users/fpga_/Desktop/adi/no-OS/projects/fmcdaq2/kcu105/sys_mb/standalone_sys_mb/bsp/system.mss
TRACE::2024-09-26.18:19:50::SCWPlatform::Trying to open the hw design at C:/Users/fpga_/Desktop/adi/no-OS/projects/fmcdaq2/kcu105/hw/system_top.xsa
TRACE::2024-09-26.18:19:50::SCWPlatform::DSA given C:/Users/fpga_/Desktop/adi/no-OS/projects/fmcdaq2/kcu105/hw/system_top.xsa
TRACE::2024-09-26.18:19:50::SCWPlatform::DSA absoulate path C:/Users/fpga_/Desktop/adi/no-OS/projects/fmcdaq2/kcu105/hw/system_top.xsa
TRACE::2024-09-26.18:19:50::SCWPlatform::DSA directory C:/Users/fpga_/Desktop/adi/no-OS/projects/fmcdaq2/kcu105/hw
TRACE::2024-09-26.18:19:50::SCWPlatform:: Platform Path C:/Users/fpga_/Desktop/adi/no-OS/projects/fmcdaq2/kcu105/hw/system_top.xsa
TRACE::2024-09-26.18:19:50::SCWPlatform:: Unique name xilinx:kcu105::0.0
TRACE::2024-09-26.18:19:50::SCWPlatform::Trying to set the existing hwdb with name system_top_0
TRACE::2024-09-26.18:19:50::SCWPlatform::Opened existing hwdb system_top_0
TRACE::2024-09-26.18:19:50::SCWPlatform::Found the Hw Db part of the input DSA
TRACE::2024-09-26.18:19:50::SCWMssOS::Checking the sw design at  C:/Users/fpga_/Desktop/adi/no-OS/projects/fmcdaq2/kcu105/sys_mb/standalone_sys_mb/bsp/system.mss
TRACE::2024-09-26.18:19:50::SCWMssOS::DEBUG:  swdes dump  C:/Users/fpga_/Desktop/adi/no-OS/projects/fmcdaq2/kcu105/sys_mb/standalone_sys_mb/bsp/system.mss|system||

TRACE::2024-09-26.18:19:50::SCWMssOS::Sw design exists and opened at  C:/Users/fpga_/Desktop/adi/no-OS/projects/fmcdaq2/kcu105/sys_mb/standalone_sys_mb/bsp/system.mss
TRACE::2024-09-26.18:19:50::SCWWriter::formatted JSON is {
	"platformName":	"kcu105",
	"sprVersion":	"2.0",
	"mode":	"gui",
	"dsaType":	"Fixed",
	"platformDesc":	"kcu105",
	"platHandOff":	"C:/Users/fpga_/Desktop/adi/no-OS/projects/fmcdaq2/system_top.xsa",
	"platIntHandOff":	"<platformDir>/hw/system_top.xsa",
	"deviceType":	"FPGA",
	"platIsPrebuiltAutogen":	"false",
	"platIsNoBootBsp":	"false",
	"hasFsblMakeHasChanges":	"false",
	"hasPmufwMakeHasChanges":	"false",
	"platPreBuiltFlag":	false,
	"platformSamplesDir":	"",
	"platActiveSys":	"kcu105",
	"systems":	[{
			"systemName":	"kcu105",
			"systemDesc":	"kcu105",
			"sysIsBootAutoGen":	"true",
			"systemDispName":	"kcu105",
			"sysActiveDom":	"standalone_sys_mb",
			"sysDefaultDom":	"standalone_sys_mb",
			"domains":	[{
					"domainName":	"standalone_sys_mb",
					"domainDispName":	"standalone_sys_mb",
					"domainDesc":	"standalone_sys_mb",
					"processors":	"sys_mb",
					"os":	"standalone",
					"sdxOs":	"standalone",
					"debugEnable":	"False",
					"domRuntimes":	["cpp"],
					"swRepo":	"",
					"mssOsVer":	"7.6",
					"mssFile":	"",
					"md5Digest":	"e5015114a13f0b185c9d3f12511a83b7",
					"compatibleApp":	"empty_application",
					"domType":	"mssDomain",
					"arch":	"32-bit",
					"appSettings":	{
						"appCompilerFlags":	"",
						"appLinkerFlags":	""
					},
					"addedLibs":	[],
					"libOptions":	{
						"libsContainingOptions":	[]
					},
					"prebuiltLibs":	{
						"prebuiltIncPath":	[],
						"prebuiltLibPath":	[]
					},
					"isolation":	{
					}
				}]
		}]
}
TRACE::2024-09-26.18:19:50::SCWPlatform::Trying to open the hw design at C:/Users/fpga_/Desktop/adi/no-OS/projects/fmcdaq2/kcu105/hw/system_top.xsa
TRACE::2024-09-26.18:19:50::SCWPlatform::DSA given C:/Users/fpga_/Desktop/adi/no-OS/projects/fmcdaq2/kcu105/hw/system_top.xsa
TRACE::2024-09-26.18:19:50::SCWPlatform::DSA absoulate path C:/Users/fpga_/Desktop/adi/no-OS/projects/fmcdaq2/kcu105/hw/system_top.xsa
TRACE::2024-09-26.18:19:50::SCWPlatform::DSA directory C:/Users/fpga_/Desktop/adi/no-OS/projects/fmcdaq2/kcu105/hw
TRACE::2024-09-26.18:19:50::SCWPlatform:: Platform Path C:/Users/fpga_/Desktop/adi/no-OS/projects/fmcdaq2/kcu105/hw/system_top.xsa
TRACE::2024-09-26.18:19:50::SCWPlatform:: Unique name xilinx:kcu105::0.0
TRACE::2024-09-26.18:19:50::SCWPlatform::Trying to set the existing hwdb with name system_top_0
TRACE::2024-09-26.18:19:50::SCWPlatform::Opened existing hwdb system_top_0
TRACE::2024-09-26.18:19:50::SCWPlatform::Found the Hw Db part of the input DSA
TRACE::2024-09-26.18:19:50::SCWMssOS::Checking the sw design at  C:/Users/fpga_/Desktop/adi/no-OS/projects/fmcdaq2/kcu105/sys_mb/standalone_sys_mb/bsp/system.mss
TRACE::2024-09-26.18:19:50::SCWMssOS::DEBUG:  swdes dump  C:/Users/fpga_/Desktop/adi/no-OS/projects/fmcdaq2/kcu105/sys_mb/standalone_sys_mb/bsp/system.mss|system||

TRACE::2024-09-26.18:19:50::SCWMssOS::Sw design exists and opened at  C:/Users/fpga_/Desktop/adi/no-OS/projects/fmcdaq2/kcu105/sys_mb/standalone_sys_mb/bsp/system.mss
TRACE::2024-09-26.18:19:50::SCWPlatform::Trying to open the hw design at C:/Users/fpga_/Desktop/adi/no-OS/projects/fmcdaq2/kcu105/hw/system_top.xsa
TRACE::2024-09-26.18:19:50::SCWPlatform::DSA given C:/Users/fpga_/Desktop/adi/no-OS/projects/fmcdaq2/kcu105/hw/system_top.xsa
TRACE::2024-09-26.18:19:50::SCWPlatform::DSA absoulate path C:/Users/fpga_/Desktop/adi/no-OS/projects/fmcdaq2/kcu105/hw/system_top.xsa
TRACE::2024-09-26.18:19:50::SCWPlatform::DSA directory C:/Users/fpga_/Desktop/adi/no-OS/projects/fmcdaq2/kcu105/hw
TRACE::2024-09-26.18:19:50::SCWPlatform:: Platform Path C:/Users/fpga_/Desktop/adi/no-OS/projects/fmcdaq2/kcu105/hw/system_top.xsa
TRACE::2024-09-26.18:19:50::SCWPlatform:: Unique name xilinx:kcu105::0.0
TRACE::2024-09-26.18:19:50::SCWPlatform::Trying to set the existing hwdb with name system_top_0
TRACE::2024-09-26.18:19:50::SCWPlatform::Opened existing hwdb system_top_0
TRACE::2024-09-26.18:19:50::SCWPlatform::Found the Hw Db part of the input DSA
TRACE::2024-09-26.18:19:50::SCWMssOS::Checking the sw design at  C:/Users/fpga_/Desktop/adi/no-OS/projects/fmcdaq2/kcu105/sys_mb/standalone_sys_mb/bsp/system.mss
TRACE::2024-09-26.18:19:50::SCWMssOS::DEBUG:  swdes dump  C:/Users/fpga_/Desktop/adi/no-OS/projects/fmcdaq2/kcu105/sys_mb/standalone_sys_mb/bsp/system.mss|system||

TRACE::2024-09-26.18:19:50::SCWMssOS::Sw design exists and opened at  C:/Users/fpga_/Desktop/adi/no-OS/projects/fmcdaq2/kcu105/sys_mb/standalone_sys_mb/bsp/system.mss
TRACE::2024-09-26.18:19:50::SCWMssOS::Saving the mss changes C:/Users/fpga_/Desktop/adi/no-OS/projects/fmcdaq2/kcu105/sys_mb/standalone_sys_mb/bsp/system.mss
TRACE::2024-09-26.18:19:50::SCWMssOS::Found a swdesign opened with the mssfile.
TRACE::2024-09-26.18:19:50::SCWMssOS::Completed writemss as part of save.
TRACE::2024-09-26.18:19:50::SCWMssOS::Commit changes completed.
TRACE::2024-09-26.18:19:50::SCWPlatform::Trying to open the hw design at C:/Users/fpga_/Desktop/adi/no-OS/projects/fmcdaq2/kcu105/hw/system_top.xsa
TRACE::2024-09-26.18:19:50::SCWPlatform::DSA given C:/Users/fpga_/Desktop/adi/no-OS/projects/fmcdaq2/kcu105/hw/system_top.xsa
TRACE::2024-09-26.18:19:50::SCWPlatform::DSA absoulate path C:/Users/fpga_/Desktop/adi/no-OS/projects/fmcdaq2/kcu105/hw/system_top.xsa
TRACE::2024-09-26.18:19:50::SCWPlatform::DSA directory C:/Users/fpga_/Desktop/adi/no-OS/projects/fmcdaq2/kcu105/hw
TRACE::2024-09-26.18:19:50::SCWPlatform:: Platform Path C:/Users/fpga_/Desktop/adi/no-OS/projects/fmcdaq2/kcu105/hw/system_top.xsa
TRACE::2024-09-26.18:19:50::SCWPlatform:: Unique name xilinx:kcu105::0.0
TRACE::2024-09-26.18:19:50::SCWPlatform::Trying to set the existing hwdb with name system_top_0
TRACE::2024-09-26.18:19:50::SCWPlatform::Opened existing hwdb system_top_0
TRACE::2024-09-26.18:19:50::SCWPlatform::Found the Hw Db part of the input DSA
TRACE::2024-09-26.18:19:50::SCWMssOS::Checking the sw design at  C:/Users/fpga_/Desktop/adi/no-OS/projects/fmcdaq2/kcu105/sys_mb/standalone_sys_mb/bsp/system.mss
TRACE::2024-09-26.18:19:50::SCWMssOS::DEBUG:  swdes dump  C:/Users/fpga_/Desktop/adi/no-OS/projects/fmcdaq2/kcu105/sys_mb/standalone_sys_mb/bsp/system.mss|system||

TRACE::2024-09-26.18:19:50::SCWMssOS::Sw design exists and opened at  C:/Users/fpga_/Desktop/adi/no-OS/projects/fmcdaq2/kcu105/sys_mb/standalone_sys_mb/bsp/system.mss
TRACE::2024-09-26.18:19:50::SCWPlatform::Trying to open the hw design at C:/Users/fpga_/Desktop/adi/no-OS/projects/fmcdaq2/kcu105/hw/system_top.xsa
TRACE::2024-09-26.18:19:50::SCWPlatform::DSA given C:/Users/fpga_/Desktop/adi/no-OS/projects/fmcdaq2/kcu105/hw/system_top.xsa
TRACE::2024-09-26.18:19:50::SCWPlatform::DSA absoulate path C:/Users/fpga_/Desktop/adi/no-OS/projects/fmcdaq2/kcu105/hw/system_top.xsa
TRACE::2024-09-26.18:19:50::SCWPlatform::DSA directory C:/Users/fpga_/Desktop/adi/no-OS/projects/fmcdaq2/kcu105/hw
TRACE::2024-09-26.18:19:50::SCWPlatform:: Platform Path C:/Users/fpga_/Desktop/adi/no-OS/projects/fmcdaq2/kcu105/hw/system_top.xsa
TRACE::2024-09-26.18:19:50::SCWPlatform:: Unique name xilinx:kcu105::0.0
TRACE::2024-09-26.18:19:50::SCWPlatform::Trying to set the existing hwdb with name system_top_0
TRACE::2024-09-26.18:19:50::SCWPlatform::Opened existing hwdb system_top_0
TRACE::2024-09-26.18:19:50::SCWPlatform::Found the Hw Db part of the input DSA
TRACE::2024-09-26.18:19:50::SCWMssOS::Checking the sw design at  C:/Users/fpga_/Desktop/adi/no-OS/projects/fmcdaq2/kcu105/sys_mb/standalone_sys_mb/bsp/system.mss
TRACE::2024-09-26.18:19:50::SCWMssOS::DEBUG:  swdes dump  C:/Users/fpga_/Desktop/adi/no-OS/projects/fmcdaq2/kcu105/sys_mb/standalone_sys_mb/bsp/system.mss|system||

TRACE::2024-09-26.18:19:50::SCWMssOS::Sw design exists and opened at  C:/Users/fpga_/Desktop/adi/no-OS/projects/fmcdaq2/kcu105/sys_mb/standalone_sys_mb/bsp/system.mss
TRACE::2024-09-26.18:19:50::SCWPlatform::Trying to open the hw design at C:/Users/fpga_/Desktop/adi/no-OS/projects/fmcdaq2/kcu105/hw/system_top.xsa
TRACE::2024-09-26.18:19:50::SCWPlatform::DSA given C:/Users/fpga_/Desktop/adi/no-OS/projects/fmcdaq2/kcu105/hw/system_top.xsa
TRACE::2024-09-26.18:19:50::SCWPlatform::DSA absoulate path C:/Users/fpga_/Desktop/adi/no-OS/projects/fmcdaq2/kcu105/hw/system_top.xsa
TRACE::2024-09-26.18:19:50::SCWPlatform::DSA directory C:/Users/fpga_/Desktop/adi/no-OS/projects/fmcdaq2/kcu105/hw
TRACE::2024-09-26.18:19:50::SCWPlatform:: Platform Path C:/Users/fpga_/Desktop/adi/no-OS/projects/fmcdaq2/kcu105/hw/system_top.xsa
TRACE::2024-09-26.18:19:50::SCWPlatform:: Unique name xilinx:kcu105::0.0
TRACE::2024-09-26.18:19:50::SCWPlatform::Trying to set the existing hwdb with name system_top_0
TRACE::2024-09-26.18:19:50::SCWPlatform::Opened existing hwdb system_top_0
TRACE::2024-09-26.18:19:50::SCWPlatform::Found the Hw Db part of the input DSA
TRACE::2024-09-26.18:19:50::SCWMssOS::Checking the sw design at  C:/Users/fpga_/Desktop/adi/no-OS/projects/fmcdaq2/kcu105/sys_mb/standalone_sys_mb/bsp/system.mss
TRACE::2024-09-26.18:19:50::SCWMssOS::DEBUG:  swdes dump  C:/Users/fpga_/Desktop/adi/no-OS/projects/fmcdaq2/kcu105/sys_mb/standalone_sys_mb/bsp/system.mss|system||

TRACE::2024-09-26.18:19:50::SCWMssOS::Sw design exists and opened at  C:/Users/fpga_/Desktop/adi/no-OS/projects/fmcdaq2/kcu105/sys_mb/standalone_sys_mb/bsp/system.mss
TRACE::2024-09-26.18:19:50::SCWWriter::formatted JSON is {
	"platformName":	"kcu105",
	"sprVersion":	"2.0",
	"mode":	"gui",
	"dsaType":	"Fixed",
	"platformDesc":	"kcu105",
	"platHandOff":	"C:/Users/fpga_/Desktop/adi/no-OS/projects/fmcdaq2/system_top.xsa",
	"platIntHandOff":	"<platformDir>/hw/system_top.xsa",
	"deviceType":	"FPGA",
	"platIsPrebuiltAutogen":	"false",
	"platIsNoBootBsp":	"false",
	"hasFsblMakeHasChanges":	"false",
	"hasPmufwMakeHasChanges":	"false",
	"platPreBuiltFlag":	false,
	"platformSamplesDir":	"",
	"platActiveSys":	"kcu105",
	"systems":	[{
			"systemName":	"kcu105",
			"systemDesc":	"kcu105",
			"sysIsBootAutoGen":	"true",
			"systemDispName":	"kcu105",
			"sysActiveDom":	"standalone_sys_mb",
			"sysDefaultDom":	"standalone_sys_mb",
			"domains":	[{
					"domainName":	"standalone_sys_mb",
					"domainDispName":	"standalone_sys_mb",
					"domainDesc":	"standalone_sys_mb",
					"processors":	"sys_mb",
					"os":	"standalone",
					"sdxOs":	"standalone",
					"debugEnable":	"False",
					"domRuntimes":	["cpp"],
					"swRepo":	"",
					"mssOsVer":	"7.6",
					"mssFile":	"",
					"md5Digest":	"e5015114a13f0b185c9d3f12511a83b7",
					"compatibleApp":	"empty_application",
					"domType":	"mssDomain",
					"arch":	"32-bit",
					"appSettings":	{
						"appCompilerFlags":	"",
						"appLinkerFlags":	""
					},
					"addedLibs":	[],
					"libOptions":	{
						"libsContainingOptions":	[]
					},
					"prebuiltLibs":	{
						"prebuiltIncPath":	[],
						"prebuiltLibPath":	[]
					},
					"isolation":	{
					}
				}]
		}]
}
LOG::2024-09-26.18:19:50::SCWPlatform::Started generating the artifacts platform kcu105
TRACE::2024-09-26.18:19:50::SCWPlatform::Sanity checking of platform is completed
LOG::2024-09-26.18:19:50::SCWPlatform::Started generating the artifacts for system configuration kcu105
LOG::2024-09-26.18:19:50::SCWSystem::Started Processing the domain standalone_sys_mb
TRACE::2024-09-26.18:19:50::SCWDomain::Generating domain artifcats
TRACE::2024-09-26.18:19:50::SCWMssOS::Generating standalone artifcats
TRACE::2024-09-26.18:19:50::SCWMssOS:: Copying the user libraries. 
TRACE::2024-09-26.18:19:50::SCWPlatform::Trying to open the hw design at C:/Users/fpga_/Desktop/adi/no-OS/projects/fmcdaq2/kcu105/hw/system_top.xsa
TRACE::2024-09-26.18:19:50::SCWPlatform::DSA given C:/Users/fpga_/Desktop/adi/no-OS/projects/fmcdaq2/kcu105/hw/system_top.xsa
TRACE::2024-09-26.18:19:50::SCWPlatform::DSA absoulate path C:/Users/fpga_/Desktop/adi/no-OS/projects/fmcdaq2/kcu105/hw/system_top.xsa
TRACE::2024-09-26.18:19:50::SCWPlatform::DSA directory C:/Users/fpga_/Desktop/adi/no-OS/projects/fmcdaq2/kcu105/hw
TRACE::2024-09-26.18:19:50::SCWPlatform:: Platform Path C:/Users/fpga_/Desktop/adi/no-OS/projects/fmcdaq2/kcu105/hw/system_top.xsa
TRACE::2024-09-26.18:19:50::SCWPlatform:: Unique name xilinx:kcu105::0.0
TRACE::2024-09-26.18:19:50::SCWPlatform::Trying to set the existing hwdb with name system_top_0
TRACE::2024-09-26.18:19:50::SCWPlatform::Opened existing hwdb system_top_0
TRACE::2024-09-26.18:19:50::SCWPlatform::Found the Hw Db part of the input DSA
TRACE::2024-09-26.18:19:50::SCWMssOS::Checking the sw design at  C:/Users/fpga_/Desktop/adi/no-OS/projects/fmcdaq2/kcu105/sys_mb/standalone_sys_mb/bsp/system.mss
TRACE::2024-09-26.18:19:50::SCWMssOS::DEBUG:  swdes dump  C:/Users/fpga_/Desktop/adi/no-OS/projects/fmcdaq2/kcu105/sys_mb/standalone_sys_mb/bsp/system.mss|system||

TRACE::2024-09-26.18:19:50::SCWMssOS::Sw design exists and opened at  C:/Users/fpga_/Desktop/adi/no-OS/projects/fmcdaq2/kcu105/sys_mb/standalone_sys_mb/bsp/system.mss
TRACE::2024-09-26.18:19:50::SCWMssOS::Completed writing the mss file at C:/Users/fpga_/Desktop/adi/no-OS/projects/fmcdaq2/kcu105/sys_mb/standalone_sys_mb/bsp
TRACE::2024-09-26.18:19:50::SCWMssOS::Mss edits present, copying mssfile into export location C:/Users/fpga_/Desktop/adi/no-OS/projects/fmcdaq2/kcu105/sys_mb/standalone_sys_mb/bsp/system.mss
TRACE::2024-09-26.18:19:50::SCWMssOS::bsp generated is upto date with the mss file. Skipping bsp generation.
TRACE::2024-09-26.18:19:50::SCWMssOS::BSP is already built. skipping the bsp build ... 
TRACE::2024-09-26.18:19:50::SCWDomain::Building the domain as part of full build :  standalone_sys_mb
TRACE::2024-09-26.18:19:50::SCWMssOS::skipping the bsp build ... 
TRACE::2024-09-26.18:19:50::SCWMssOS::Copying to export directory.
TRACE::2024-09-26.18:19:50::SCWMssOS:: Checking if to create the Supporting Applications
TRACE::2024-09-26.18:19:50::SCWMssOS:: No Linux domain exists, trying to generate FSBL 
LOG::2024-09-26.18:19:50::SCWSystem::Completed Processing the domain standalone_sys_mb
LOG::2024-09-26.18:19:50::SCWSystem::Completed Processing the sysconfig kcu105
LOG::2024-09-26.18:19:50::SCWPlatform::Completed generating the artifacts for system configuration kcu105
TRACE::2024-09-26.18:19:50::SCWPlatform::Started preparing the platform 
TRACE::2024-09-26.18:19:50::SCWSystem::Writing the bif file for system config kcu105
TRACE::2024-09-26.18:19:50::SCWSystem::dir created 
TRACE::2024-09-26.18:19:50::SCWSystem::Writing the bif 
TRACE::2024-09-26.18:19:50::SCWPlatform::Started writing the spfm file 
TRACE::2024-09-26.18:19:50::SCWPlatform::Started writing the xpfm file 
TRACE::2024-09-26.18:19:50::SCWPlatform::Completed generating the platform
TRACE::2024-09-26.18:19:50::SCWMssOS::Saving the mss changes C:/Users/fpga_/Desktop/adi/no-OS/projects/fmcdaq2/kcu105/sys_mb/standalone_sys_mb/bsp/system.mss
TRACE::2024-09-26.18:19:50::SCWMssOS::Found a swdesign opened with the mssfile.
TRACE::2024-09-26.18:19:50::SCWMssOS::Completed writemss as part of save.
TRACE::2024-09-26.18:19:50::SCWMssOS::Commit changes completed.
TRACE::2024-09-26.18:19:50::SCWPlatform::Trying to open the hw design at C:/Users/fpga_/Desktop/adi/no-OS/projects/fmcdaq2/kcu105/hw/system_top.xsa
TRACE::2024-09-26.18:19:50::SCWPlatform::DSA given C:/Users/fpga_/Desktop/adi/no-OS/projects/fmcdaq2/kcu105/hw/system_top.xsa
TRACE::2024-09-26.18:19:50::SCWPlatform::DSA absoulate path C:/Users/fpga_/Desktop/adi/no-OS/projects/fmcdaq2/kcu105/hw/system_top.xsa
TRACE::2024-09-26.18:19:50::SCWPlatform::DSA directory C:/Users/fpga_/Desktop/adi/no-OS/projects/fmcdaq2/kcu105/hw
TRACE::2024-09-26.18:19:50::SCWPlatform:: Platform Path C:/Users/fpga_/Desktop/adi/no-OS/projects/fmcdaq2/kcu105/hw/system_top.xsa
TRACE::2024-09-26.18:19:50::SCWPlatform:: Unique name xilinx:kcu105::0.0
TRACE::2024-09-26.18:19:50::SCWPlatform::Trying to set the existing hwdb with name system_top_0
TRACE::2024-09-26.18:19:50::SCWPlatform::Opened existing hwdb system_top_0
TRACE::2024-09-26.18:19:50::SCWPlatform::Found the Hw Db part of the input DSA
TRACE::2024-09-26.18:19:50::SCWMssOS::Checking the sw design at  C:/Users/fpga_/Desktop/adi/no-OS/projects/fmcdaq2/kcu105/sys_mb/standalone_sys_mb/bsp/system.mss
TRACE::2024-09-26.18:19:50::SCWMssOS::DEBUG:  swdes dump  C:/Users/fpga_/Desktop/adi/no-OS/projects/fmcdaq2/kcu105/sys_mb/standalone_sys_mb/bsp/system.mss|system||

TRACE::2024-09-26.18:19:50::SCWMssOS::Sw design exists and opened at  C:/Users/fpga_/Desktop/adi/no-OS/projects/fmcdaq2/kcu105/sys_mb/standalone_sys_mb/bsp/system.mss
TRACE::2024-09-26.18:19:50::SCWPlatform::Trying to open the hw design at C:/Users/fpga_/Desktop/adi/no-OS/projects/fmcdaq2/kcu105/hw/system_top.xsa
TRACE::2024-09-26.18:19:50::SCWPlatform::DSA given C:/Users/fpga_/Desktop/adi/no-OS/projects/fmcdaq2/kcu105/hw/system_top.xsa
TRACE::2024-09-26.18:19:50::SCWPlatform::DSA absoulate path C:/Users/fpga_/Desktop/adi/no-OS/projects/fmcdaq2/kcu105/hw/system_top.xsa
TRACE::2024-09-26.18:19:50::SCWPlatform::DSA directory C:/Users/fpga_/Desktop/adi/no-OS/projects/fmcdaq2/kcu105/hw
TRACE::2024-09-26.18:19:50::SCWPlatform:: Platform Path C:/Users/fpga_/Desktop/adi/no-OS/projects/fmcdaq2/kcu105/hw/system_top.xsa
TRACE::2024-09-26.18:19:50::SCWPlatform:: Unique name xilinx:kcu105::0.0
TRACE::2024-09-26.18:19:50::SCWPlatform::Trying to set the existing hwdb with name system_top_0
TRACE::2024-09-26.18:19:50::SCWPlatform::Opened existing hwdb system_top_0
TRACE::2024-09-26.18:19:50::SCWPlatform::Found the Hw Db part of the input DSA
TRACE::2024-09-26.18:19:50::SCWMssOS::Checking the sw design at  C:/Users/fpga_/Desktop/adi/no-OS/projects/fmcdaq2/kcu105/sys_mb/standalone_sys_mb/bsp/system.mss
TRACE::2024-09-26.18:19:50::SCWMssOS::DEBUG:  swdes dump  C:/Users/fpga_/Desktop/adi/no-OS/projects/fmcdaq2/kcu105/sys_mb/standalone_sys_mb/bsp/system.mss|system||

TRACE::2024-09-26.18:19:50::SCWMssOS::Sw design exists and opened at  C:/Users/fpga_/Desktop/adi/no-OS/projects/fmcdaq2/kcu105/sys_mb/standalone_sys_mb/bsp/system.mss
TRACE::2024-09-26.18:19:50::SCWPlatform::Trying to open the hw design at C:/Users/fpga_/Desktop/adi/no-OS/projects/fmcdaq2/kcu105/hw/system_top.xsa
TRACE::2024-09-26.18:19:50::SCWPlatform::DSA given C:/Users/fpga_/Desktop/adi/no-OS/projects/fmcdaq2/kcu105/hw/system_top.xsa
TRACE::2024-09-26.18:19:50::SCWPlatform::DSA absoulate path C:/Users/fpga_/Desktop/adi/no-OS/projects/fmcdaq2/kcu105/hw/system_top.xsa
TRACE::2024-09-26.18:19:50::SCWPlatform::DSA directory C:/Users/fpga_/Desktop/adi/no-OS/projects/fmcdaq2/kcu105/hw
TRACE::2024-09-26.18:19:50::SCWPlatform:: Platform Path C:/Users/fpga_/Desktop/adi/no-OS/projects/fmcdaq2/kcu105/hw/system_top.xsa
TRACE::2024-09-26.18:19:50::SCWPlatform:: Unique name xilinx:kcu105::0.0
TRACE::2024-09-26.18:19:50::SCWPlatform::Trying to set the existing hwdb with name system_top_0
TRACE::2024-09-26.18:19:50::SCWPlatform::Opened existing hwdb system_top_0
TRACE::2024-09-26.18:19:50::SCWPlatform::Found the Hw Db part of the input DSA
TRACE::2024-09-26.18:19:50::SCWMssOS::Checking the sw design at  C:/Users/fpga_/Desktop/adi/no-OS/projects/fmcdaq2/kcu105/sys_mb/standalone_sys_mb/bsp/system.mss
TRACE::2024-09-26.18:19:50::SCWMssOS::DEBUG:  swdes dump  C:/Users/fpga_/Desktop/adi/no-OS/projects/fmcdaq2/kcu105/sys_mb/standalone_sys_mb/bsp/system.mss|system||

TRACE::2024-09-26.18:19:50::SCWMssOS::Sw design exists and opened at  C:/Users/fpga_/Desktop/adi/no-OS/projects/fmcdaq2/kcu105/sys_mb/standalone_sys_mb/bsp/system.mss
TRACE::2024-09-26.18:19:50::SCWWriter::formatted JSON is {
	"platformName":	"kcu105",
	"sprVersion":	"2.0",
	"mode":	"gui",
	"dsaType":	"Fixed",
	"platformDesc":	"kcu105",
	"platHandOff":	"C:/Users/fpga_/Desktop/adi/no-OS/projects/fmcdaq2/system_top.xsa",
	"platIntHandOff":	"<platformDir>/hw/system_top.xsa",
	"deviceType":	"FPGA",
	"platIsPrebuiltAutogen":	"false",
	"platIsNoBootBsp":	"false",
	"hasFsblMakeHasChanges":	"false",
	"hasPmufwMakeHasChanges":	"false",
	"platPreBuiltFlag":	false,
	"platformSamplesDir":	"",
	"platActiveSys":	"kcu105",
	"systems":	[{
			"systemName":	"kcu105",
			"systemDesc":	"kcu105",
			"sysIsBootAutoGen":	"true",
			"systemDispName":	"kcu105",
			"sysActiveDom":	"standalone_sys_mb",
			"sysDefaultDom":	"standalone_sys_mb",
			"domains":	[{
					"domainName":	"standalone_sys_mb",
					"domainDispName":	"standalone_sys_mb",
					"domainDesc":	"standalone_sys_mb",
					"processors":	"sys_mb",
					"os":	"standalone",
					"sdxOs":	"standalone",
					"debugEnable":	"False",
					"domRuntimes":	["cpp"],
					"swRepo":	"",
					"mssOsVer":	"7.6",
					"mssFile":	"",
					"md5Digest":	"e5015114a13f0b185c9d3f12511a83b7",
					"compatibleApp":	"empty_application",
					"domType":	"mssDomain",
					"arch":	"32-bit",
					"appSettings":	{
						"appCompilerFlags":	"",
						"appLinkerFlags":	""
					},
					"addedLibs":	[],
					"libOptions":	{
						"libsContainingOptions":	[]
					},
					"prebuiltLibs":	{
						"prebuiltIncPath":	[],
						"prebuiltLibPath":	[]
					},
					"isolation":	{
					}
				}]
		}]
}
KEYINFO::2024-09-26.18:19:50::SCWPlatform::updated the xpfm file.
TRACE::2024-09-26.18:26:10::SCWPlatform::Clearing the existing platform
TRACE::2024-09-26.18:26:10::SCWSystem::Clearing the existing sysconfig
TRACE::2024-09-26.18:26:10::SCWMssOS::Removing the swdes entry for  C:/Users/fpga_/Desktop/adi/no-OS/projects/fmcdaq2/kcu105/sys_mb/standalone_sys_mb/bsp/system.mss
TRACE::2024-09-26.18:26:10::SCWSystem::Clearing the domains completed.
TRACE::2024-09-26.18:26:10::SCWPlatform::Clearing the opened hw db.
TRACE::2024-09-26.18:26:10::SCWPlatform::DSA given C:/Users/fpga_/Desktop/adi/no-OS/projects/fmcdaq2/kcu105/hw/system_top.xsa
TRACE::2024-09-26.18:26:10::SCWPlatform::DSA absoulate path C:/Users/fpga_/Desktop/adi/no-OS/projects/fmcdaq2/kcu105/hw/system_top.xsa
TRACE::2024-09-26.18:26:10::SCWPlatform:: Platform location is C:/Users/fpga_/Desktop/adi/no-OS/projects/fmcdaq2/kcu105/hw
TRACE::2024-09-26.18:26:10::SCWPlatform:: Platform Path C:/Users/fpga_/Desktop/adi/no-OS/projects/fmcdaq2/kcu105/hw/system_top.xsa
TRACE::2024-09-26.18:26:10::SCWPlatform:: Unique name xilinx:kcu105::0.0
TRACE::2024-09-26.18:26:10::SCWPlatform::Removing the HwDB with name C:/Users/fpga_/Desktop/adi/no-OS/projects/fmcdaq2/kcu105/hw/system_top.xsa
TRACE::2024-09-26.18:26:10::SCWPlatform::Trying to open the hw design at C:/Users/fpga_/Desktop/adi/no-OS/projects/fmcdaq2/kcu105/hw/system_top.xsa
TRACE::2024-09-26.18:26:10::SCWPlatform::DSA given C:/Users/fpga_/Desktop/adi/no-OS/projects/fmcdaq2/kcu105/hw/system_top.xsa
TRACE::2024-09-26.18:26:10::SCWPlatform::DSA absoulate path C:/Users/fpga_/Desktop/adi/no-OS/projects/fmcdaq2/kcu105/hw/system_top.xsa
TRACE::2024-09-26.18:26:10::SCWPlatform::DSA directory C:/Users/fpga_/Desktop/adi/no-OS/projects/fmcdaq2/kcu105/hw
TRACE::2024-09-26.18:26:10::SCWPlatform:: Platform Path C:/Users/fpga_/Desktop/adi/no-OS/projects/fmcdaq2/kcu105/hw/system_top.xsa
TRACE::2024-09-26.18:26:10::SCWPlatform:: Unique name xilinx:kcu105::0.0
TRACE::2024-09-26.18:26:10::SCWPlatform::Do not have an existing db opened. 
TRACE::2024-09-26.18:26:10::SCWPlatform::Opened new HwDB with name system_top_2
TRACE::2024-09-26.18:26:10::SCWReader::Active system found as  kcu105
TRACE::2024-09-26.18:26:10::SCWReader::Handling sysconfig kcu105
TRACE::2024-09-26.18:26:10::SCWDomain::checking for install qemu data   : 
TRACE::2024-09-26.18:26:10::SCWPlatform::Trying to open the hw design at C:/Users/fpga_/Desktop/adi/no-OS/projects/fmcdaq2/kcu105/hw/system_top.xsa
TRACE::2024-09-26.18:26:10::SCWPlatform::DSA given C:/Users/fpga_/Desktop/adi/no-OS/projects/fmcdaq2/kcu105/hw/system_top.xsa
TRACE::2024-09-26.18:26:10::SCWPlatform::DSA absoulate path C:/Users/fpga_/Desktop/adi/no-OS/projects/fmcdaq2/kcu105/hw/system_top.xsa
TRACE::2024-09-26.18:26:10::SCWPlatform::DSA directory C:/Users/fpga_/Desktop/adi/no-OS/projects/fmcdaq2/kcu105/hw
TRACE::2024-09-26.18:26:10::SCWPlatform:: Platform Path C:/Users/fpga_/Desktop/adi/no-OS/projects/fmcdaq2/kcu105/hw/system_top.xsa
TRACE::2024-09-26.18:26:10::SCWPlatform:: Unique name xilinx:kcu105::0.0
TRACE::2024-09-26.18:26:10::SCWPlatform::Trying to set the existing hwdb with name system_top_2
TRACE::2024-09-26.18:26:10::SCWPlatform::Opened existing hwdb system_top_2
TRACE::2024-09-26.18:26:10::SCWPlatform::Found the Hw Db part of the input DSA
TRACE::2024-09-26.18:26:10::SCWPlatform::Trying to open the hw design at C:/Users/fpga_/Desktop/adi/no-OS/projects/fmcdaq2/kcu105/hw/system_top.xsa
TRACE::2024-09-26.18:26:10::SCWPlatform::DSA given C:/Users/fpga_/Desktop/adi/no-OS/projects/fmcdaq2/kcu105/hw/system_top.xsa
TRACE::2024-09-26.18:26:10::SCWPlatform::DSA absoulate path C:/Users/fpga_/Desktop/adi/no-OS/projects/fmcdaq2/kcu105/hw/system_top.xsa
TRACE::2024-09-26.18:26:10::SCWPlatform::DSA directory C:/Users/fpga_/Desktop/adi/no-OS/projects/fmcdaq2/kcu105/hw
TRACE::2024-09-26.18:26:10::SCWPlatform:: Platform Path C:/Users/fpga_/Desktop/adi/no-OS/projects/fmcdaq2/kcu105/hw/system_top.xsa
TRACE::2024-09-26.18:26:10::SCWPlatform:: Unique name xilinx:kcu105::0.0
TRACE::2024-09-26.18:26:10::SCWPlatform::Trying to set the existing hwdb with name system_top_2
TRACE::2024-09-26.18:26:10::SCWPlatform::Opened existing hwdb system_top_2
TRACE::2024-09-26.18:26:10::SCWPlatform::Found the Hw Db part of the input DSA
TRACE::2024-09-26.18:26:10::SCWPlatform::Trying to open the hw design at C:/Users/fpga_/Desktop/adi/no-OS/projects/fmcdaq2/kcu105/hw/system_top.xsa
TRACE::2024-09-26.18:26:10::SCWPlatform::DSA given C:/Users/fpga_/Desktop/adi/no-OS/projects/fmcdaq2/kcu105/hw/system_top.xsa
TRACE::2024-09-26.18:26:10::SCWPlatform::DSA absoulate path C:/Users/fpga_/Desktop/adi/no-OS/projects/fmcdaq2/kcu105/hw/system_top.xsa
TRACE::2024-09-26.18:26:10::SCWPlatform::DSA directory C:/Users/fpga_/Desktop/adi/no-OS/projects/fmcdaq2/kcu105/hw
TRACE::2024-09-26.18:26:10::SCWPlatform:: Platform Path C:/Users/fpga_/Desktop/adi/no-OS/projects/fmcdaq2/kcu105/hw/system_top.xsa
TRACE::2024-09-26.18:26:10::SCWPlatform:: Unique name xilinx:kcu105::0.0
TRACE::2024-09-26.18:26:10::SCWPlatform::Trying to set the existing hwdb with name system_top_2
TRACE::2024-09-26.18:26:10::SCWPlatform::Opened existing hwdb system_top_2
TRACE::2024-09-26.18:26:10::SCWPlatform::Found the Hw Db part of the input DSA
TRACE::2024-09-26.18:26:10::SCWPlatform::Trying to open the hw design at C:/Users/fpga_/Desktop/adi/no-OS/projects/fmcdaq2/kcu105/hw/system_top.xsa
TRACE::2024-09-26.18:26:10::SCWPlatform::DSA given C:/Users/fpga_/Desktop/adi/no-OS/projects/fmcdaq2/kcu105/hw/system_top.xsa
TRACE::2024-09-26.18:26:10::SCWPlatform::DSA absoulate path C:/Users/fpga_/Desktop/adi/no-OS/projects/fmcdaq2/kcu105/hw/system_top.xsa
TRACE::2024-09-26.18:26:10::SCWPlatform::DSA directory C:/Users/fpga_/Desktop/adi/no-OS/projects/fmcdaq2/kcu105/hw
TRACE::2024-09-26.18:26:10::SCWPlatform:: Platform Path C:/Users/fpga_/Desktop/adi/no-OS/projects/fmcdaq2/kcu105/hw/system_top.xsa
TRACE::2024-09-26.18:26:10::SCWPlatform:: Unique name xilinx:kcu105::0.0
TRACE::2024-09-26.18:26:10::SCWPlatform::Trying to set the existing hwdb with name system_top_2
TRACE::2024-09-26.18:26:10::SCWPlatform::Opened existing hwdb system_top_2
TRACE::2024-09-26.18:26:10::SCWPlatform::Found the Hw Db part of the input DSA
TRACE::2024-09-26.18:26:10::SCWMssOS::Checking the sw design at  C:/Users/fpga_/Desktop/adi/no-OS/projects/fmcdaq2/kcu105/sys_mb/standalone_sys_mb/bsp/system.mss
TRACE::2024-09-26.18:26:10::SCWMssOS::DEBUG:  swdes dump  
TRACE::2024-09-26.18:26:10::SCWMssOS::No sw design opened at  C:/Users/fpga_/Desktop/adi/no-OS/projects/fmcdaq2/kcu105/sys_mb/standalone_sys_mb/bsp/system.mss
TRACE::2024-09-26.18:26:10::SCWMssOS::mss exists loading the mss file  C:/Users/fpga_/Desktop/adi/no-OS/projects/fmcdaq2/kcu105/sys_mb/standalone_sys_mb/bsp/system.mss
TRACE::2024-09-26.18:26:10::SCWMssOS::Opened the sw design from mss  C:/Users/fpga_/Desktop/adi/no-OS/projects/fmcdaq2/kcu105/sys_mb/standalone_sys_mb/bsp/system.mss
TRACE::2024-09-26.18:26:10::SCWMssOS::Adding the swdes entry C:/Users/fpga_/Desktop/adi/no-OS/projects/fmcdaq2/kcu105/sys_mb/standalone_sys_mb/bsp/system.mss with des name system
TRACE::2024-09-26.18:26:10::SCWMssOS::updating the scw layer about changes
TRACE::2024-09-26.18:26:10::SCWMssOS::Opened the sw design.  C:/Users/fpga_/Desktop/adi/no-OS/projects/fmcdaq2/kcu105/sys_mb/standalone_sys_mb/bsp/system.mss
TRACE::2024-09-26.18:26:10::SCWMssOS::Saving the mss changes C:/Users/fpga_/Desktop/adi/no-OS/projects/fmcdaq2/kcu105/sys_mb/standalone_sys_mb/bsp/system.mss
TRACE::2024-09-26.18:26:10::SCWMssOS::Found a swdesign opened with the mssfile.
TRACE::2024-09-26.18:26:10::SCWMssOS::Completed writemss as part of save.
TRACE::2024-09-26.18:26:10::SCWMssOS::Commit changes completed.
TRACE::2024-09-26.18:26:10::SCWReader::Adding prebuilt librarypaths as   
TRACE::2024-09-26.18:26:10::SCWReader::Adding prebuilt incpaths  as   
TRACE::2024-09-26.18:26:10::SCWPlatform::Trying to open the hw design at C:/Users/fpga_/Desktop/adi/no-OS/projects/fmcdaq2/kcu105/hw/system_top.xsa
TRACE::2024-09-26.18:26:10::SCWPlatform::DSA given C:/Users/fpga_/Desktop/adi/no-OS/projects/fmcdaq2/kcu105/hw/system_top.xsa
TRACE::2024-09-26.18:26:10::SCWPlatform::DSA absoulate path C:/Users/fpga_/Desktop/adi/no-OS/projects/fmcdaq2/kcu105/hw/system_top.xsa
TRACE::2024-09-26.18:26:10::SCWPlatform::DSA directory C:/Users/fpga_/Desktop/adi/no-OS/projects/fmcdaq2/kcu105/hw
TRACE::2024-09-26.18:26:10::SCWPlatform:: Platform Path C:/Users/fpga_/Desktop/adi/no-OS/projects/fmcdaq2/kcu105/hw/system_top.xsa
TRACE::2024-09-26.18:26:10::SCWPlatform:: Unique name xilinx:kcu105::0.0
TRACE::2024-09-26.18:26:10::SCWPlatform::Trying to set the existing hwdb with name system_top_2
TRACE::2024-09-26.18:26:10::SCWPlatform::Opened existing hwdb system_top_2
TRACE::2024-09-26.18:26:10::SCWPlatform::Found the Hw Db part of the input DSA
TRACE::2024-09-26.18:26:10::SCWMssOS::Checking the sw design at  C:/Users/fpga_/Desktop/adi/no-OS/projects/fmcdaq2/kcu105/sys_mb/standalone_sys_mb/bsp/system.mss
TRACE::2024-09-26.18:26:10::SCWMssOS::DEBUG:  swdes dump  C:/Users/fpga_/Desktop/adi/no-OS/projects/fmcdaq2/kcu105/sys_mb/standalone_sys_mb/bsp/system.mss|system||

TRACE::2024-09-26.18:26:10::SCWMssOS::Sw design exists and opened at  C:/Users/fpga_/Desktop/adi/no-OS/projects/fmcdaq2/kcu105/sys_mb/standalone_sys_mb/bsp/system.mss
TRACE::2024-09-26.18:26:10::SCWReader::No isolation master present  
TRACE::2024-09-26.18:26:11::SCWPlatform::Trying to open the hw design at C:/Users/fpga_/Desktop/adi/no-OS/projects/fmcdaq2/kcu105/hw/system_top.xsa
TRACE::2024-09-26.18:26:11::SCWPlatform::DSA given C:/Users/fpga_/Desktop/adi/no-OS/projects/fmcdaq2/kcu105/hw/system_top.xsa
TRACE::2024-09-26.18:26:11::SCWPlatform::DSA absoulate path C:/Users/fpga_/Desktop/adi/no-OS/projects/fmcdaq2/kcu105/hw/system_top.xsa
TRACE::2024-09-26.18:26:11::SCWPlatform::DSA directory C:/Users/fpga_/Desktop/adi/no-OS/projects/fmcdaq2/kcu105/hw
TRACE::2024-09-26.18:26:11::SCWPlatform:: Platform Path C:/Users/fpga_/Desktop/adi/no-OS/projects/fmcdaq2/kcu105/hw/system_top.xsa
TRACE::2024-09-26.18:26:11::SCWPlatform:: Unique name xilinx:kcu105::0.0
TRACE::2024-09-26.18:26:11::SCWPlatform::Trying to set the existing hwdb with name system_top_2
TRACE::2024-09-26.18:26:11::SCWPlatform::Opened existing hwdb system_top_2
TRACE::2024-09-26.18:26:11::SCWPlatform::Found the Hw Db part of the input DSA
TRACE::2024-09-26.18:26:11::SCWMssOS::Checking the sw design at  C:/Users/fpga_/Desktop/adi/no-OS/projects/fmcdaq2/kcu105/sys_mb/standalone_sys_mb/bsp/system.mss
TRACE::2024-09-26.18:26:11::SCWMssOS::DEBUG:  swdes dump  C:/Users/fpga_/Desktop/adi/no-OS/projects/fmcdaq2/kcu105/sys_mb/standalone_sys_mb/bsp/system.mss|system||

TRACE::2024-09-26.18:26:11::SCWMssOS::Sw design exists and opened at  C:/Users/fpga_/Desktop/adi/no-OS/projects/fmcdaq2/kcu105/sys_mb/standalone_sys_mb/bsp/system.mss
TRACE::2024-09-26.18:26:11::SCWMssOS::In reload Mss file.
TRACE::2024-09-26.18:26:11::SCWPlatform::Trying to open the hw design at C:/Users/fpga_/Desktop/adi/no-OS/projects/fmcdaq2/kcu105/hw/system_top.xsa
TRACE::2024-09-26.18:26:11::SCWPlatform::DSA given C:/Users/fpga_/Desktop/adi/no-OS/projects/fmcdaq2/kcu105/hw/system_top.xsa
TRACE::2024-09-26.18:26:11::SCWPlatform::DSA absoulate path C:/Users/fpga_/Desktop/adi/no-OS/projects/fmcdaq2/kcu105/hw/system_top.xsa
TRACE::2024-09-26.18:26:11::SCWPlatform::DSA directory C:/Users/fpga_/Desktop/adi/no-OS/projects/fmcdaq2/kcu105/hw
TRACE::2024-09-26.18:26:11::SCWPlatform:: Platform Path C:/Users/fpga_/Desktop/adi/no-OS/projects/fmcdaq2/kcu105/hw/system_top.xsa
TRACE::2024-09-26.18:26:11::SCWPlatform:: Unique name xilinx:kcu105::0.0
TRACE::2024-09-26.18:26:11::SCWPlatform::Trying to set the existing hwdb with name system_top_2
TRACE::2024-09-26.18:26:11::SCWPlatform::Opened existing hwdb system_top_2
TRACE::2024-09-26.18:26:11::SCWPlatform::Found the Hw Db part of the input DSA
TRACE::2024-09-26.18:26:11::SCWMssOS::Checking the sw design at  C:/Users/fpga_/Desktop/adi/no-OS/projects/fmcdaq2/kcu105/sys_mb/standalone_sys_mb/bsp/system.mss
TRACE::2024-09-26.18:26:11::SCWMssOS::DEBUG:  swdes dump  
TRACE::2024-09-26.18:26:11::SCWMssOS::No sw design opened at  C:/Users/fpga_/Desktop/adi/no-OS/projects/fmcdaq2/kcu105/sys_mb/standalone_sys_mb/bsp/system.mss
TRACE::2024-09-26.18:26:11::SCWMssOS::mss exists loading the mss file  C:/Users/fpga_/Desktop/adi/no-OS/projects/fmcdaq2/kcu105/sys_mb/standalone_sys_mb/bsp/system.mss
TRACE::2024-09-26.18:26:11::SCWMssOS::Opened the sw design from mss  C:/Users/fpga_/Desktop/adi/no-OS/projects/fmcdaq2/kcu105/sys_mb/standalone_sys_mb/bsp/system.mss
TRACE::2024-09-26.18:26:11::SCWMssOS::Adding the swdes entry C:/Users/fpga_/Desktop/adi/no-OS/projects/fmcdaq2/kcu105/sys_mb/standalone_sys_mb/bsp/system.mss with des name system
TRACE::2024-09-26.18:26:11::SCWMssOS::updating the scw layer about changes
TRACE::2024-09-26.18:26:11::SCWMssOS::Opened the sw design.  C:/Users/fpga_/Desktop/adi/no-OS/projects/fmcdaq2/kcu105/sys_mb/standalone_sys_mb/bsp/system.mss
TRACE::2024-09-26.18:26:11::SCWMssOS::Saving the mss changes C:/Users/fpga_/Desktop/adi/no-OS/projects/fmcdaq2/kcu105/sys_mb/standalone_sys_mb/bsp/system.mss
TRACE::2024-09-26.18:26:11::SCWMssOS::Found a swdesign opened with the mssfile.
TRACE::2024-09-26.18:26:11::SCWMssOS::Completed writemss as part of save.
TRACE::2024-09-26.18:26:11::SCWMssOS::Commit changes completed.
TRACE::2024-09-26.18:26:11::SCWPlatform::Trying to open the hw design at C:/Users/fpga_/Desktop/adi/no-OS/projects/fmcdaq2/kcu105/hw/system_top.xsa
TRACE::2024-09-26.18:26:11::SCWPlatform::DSA given C:/Users/fpga_/Desktop/adi/no-OS/projects/fmcdaq2/kcu105/hw/system_top.xsa
TRACE::2024-09-26.18:26:11::SCWPlatform::DSA absoulate path C:/Users/fpga_/Desktop/adi/no-OS/projects/fmcdaq2/kcu105/hw/system_top.xsa
TRACE::2024-09-26.18:26:11::SCWPlatform::DSA directory C:/Users/fpga_/Desktop/adi/no-OS/projects/fmcdaq2/kcu105/hw
TRACE::2024-09-26.18:26:11::SCWPlatform:: Platform Path C:/Users/fpga_/Desktop/adi/no-OS/projects/fmcdaq2/kcu105/hw/system_top.xsa
TRACE::2024-09-26.18:26:11::SCWPlatform:: Unique name xilinx:kcu105::0.0
TRACE::2024-09-26.18:26:11::SCWPlatform::Trying to set the existing hwdb with name system_top_2
TRACE::2024-09-26.18:26:11::SCWPlatform::Opened existing hwdb system_top_2
TRACE::2024-09-26.18:26:11::SCWPlatform::Found the Hw Db part of the input DSA
TRACE::2024-09-26.18:26:11::SCWMssOS::Checking the sw design at  C:/Users/fpga_/Desktop/adi/no-OS/projects/fmcdaq2/kcu105/sys_mb/standalone_sys_mb/bsp/system.mss
TRACE::2024-09-26.18:26:11::SCWMssOS::DEBUG:  swdes dump  C:/Users/fpga_/Desktop/adi/no-OS/projects/fmcdaq2/kcu105/sys_mb/standalone_sys_mb/bsp/system.mss|system||

TRACE::2024-09-26.18:26:11::SCWMssOS::Sw design exists and opened at  C:/Users/fpga_/Desktop/adi/no-OS/projects/fmcdaq2/kcu105/sys_mb/standalone_sys_mb/bsp/system.mss
TRACE::2024-09-26.18:26:11::SCWMssOS::Removing the swdes entry for  C:/Users/fpga_/Desktop/adi/no-OS/projects/fmcdaq2/kcu105/sys_mb/standalone_sys_mb/bsp/system.mss
