#-----------------------------------------------------------
# updatemem v2021.2 (64-bit)
# SW Build 3367213 on Tue Oct 19 02:48:09 MDT 2021
# 
# Start of session at: Tue Oct 22 16:49:34 2024
# Process ID: 111028
# Current directory: C:/Users/fpga_/Desktop/adi/no-OS/projects/fmcdac
# Command line: updatemem.exe -mode batch -source C:/Xilinx/Vitis/2021.2/scripts/updatemem/main.tcl -notrace -tclargs -meminfo C:/Users/fpga_/Desktop/adi/no-OS/projects/fmcdac/build/app/_ide/bitstream/system_top.mmi -data C:/Xilinx/Vitis/2021.2/data/embeddedsw/lib/microblaze/mb_bootloop_le.elf -proc i_system_wrapper/system_i/sys_mb -bit C:/Users/fpga_/Desktop/adi/no-OS/projects/fmcdac/build/app/_ide/bitstream/system_top.bit -out C:/Users/fpga_/Desktop/adi/no-OS/projects/fmcdac/build/app/_ide/bitstream/download.bit -force
# Log file: C:/Users/fpga_/Desktop/adi/no-OS/projects/fmcdac/updatemem.log
# Journal file: C:/Users/fpga_/Desktop/adi/no-OS/projects/fmcdac\updatemem.jou
# Running On: FPGA_PC, OS: Windows, CPU Frequency: 3793 MHz, CPU Physical cores: 12, Host memory: 67803 MB
#-----------------------------------------------------------
source C:/Xilinx/Vitis/2021.2/scripts/updatemem/main.tcl -notrace
Command: update_mem -meminfo C:/Users/fpga_/Desktop/adi/no-OS/projects/fmcdac/build/app/_ide/bitstream/system_top.mmi -data C:/Xilinx/Vitis/2021.2/data/embeddedsw/lib/microblaze/mb_bootloop_le.elf -proc i_system_wrapper/system_i/sys_mb -bit C:/Users/fpga_/Desktop/adi/no-OS/projects/fmcdac/build/app/_ide/bitstream/system_top.bit -out C:/Users/fpga_/Desktop/adi/no-OS/projects/fmcdac/build/app/_ide/bitstream/download.bit -force
Loading bitfile C:/Users/fpga_/Desktop/adi/no-OS/projects/fmcdac/build/app/_ide/bitstream/system_top.bit
Loading data files...
Updating memory content...
Creating bitstream...
Bitstream compression saved 49733152 bits.
Writing bitstream C:/Users/fpga_/Desktop/adi/no-OS/projects/fmcdac/build/app/_ide/bitstream/download.bit...
0 Infos, 0 Warnings, 0 Critical Warnings and 0 Errors encountered.
update_mem completed successfully
update_mem: Time (s): cpu = 00:00:26 ; elapsed = 00:00:31 . Memory (MB): peak = 1481.914 ; gain = 903.773
INFO: [Common 17-206] Exiting updatemem at Tue Oct 22 16:50:05 2024...
